15:42:22:710  INFO 956 --- [main] com.hmall.cart.CartServiceApplication    : The following 1 profile is active: "local"
15:42:24:288  INFO 956 --- [main] .s.d.r.c.RepositoryConfigurationDelegate : Multiple Spring Data modules found, entering strict repository configuration mode
15:42:24:291  INFO 956 --- [main] .s.d.r.c.RepositoryConfigurationDelegate : Bootstrapping Spring Data Redis repositories in DEFAULT mode.
15:42:24:328  INFO 956 --- [main] .s.d.r.c.RepositoryConfigurationDelegate : Finished Spring Data repository scanning in 16 ms. Found 0 Redis repository interfaces.
15:42:24:745  INFO 956 --- [main] o.s.cloud.context.scope.GenericScope     : BeanFactory id=85732dfd-d05d-3813-bd96-125b9dc81a9c
15:42:25:902  INFO 956 --- [main] o.s.b.w.embedded.tomcat.TomcatWebServer  : Tomcat initialized with port(s): 8082 (http)
15:42:25:919  INFO 956 --- [main] o.apache.catalina.core.StandardService   : Starting service [Tomcat]
15:42:25:921  INFO 956 --- [main] org.apache.catalina.core.StandardEngine  : Starting Servlet engine: [Apache Tomcat/9.0.75]
15:42:26:277  INFO 956 --- [main] o.a.c.c.C.[Tomcat].[localhost].[/]       : Initializing Spring embedded WebApplicationContext
15:42:26:278  INFO 956 --- [main] w.s.c.ServletWebServerApplicationContext : Root WebApplicationContext: initialization completed in 3529 ms
15:42:27:910  INFO 956 --- [main] o.s.c.openfeign.FeignClientFactoryBean   : For 'item-service' URL not provided. Will try picking an instance via load-balancing.
15:42:30:333  INFO 956 --- [main] c.a.c.sentinel.SentinelWebMvcConfigurer  : [Sentinel Starter] register SentinelWebInterceptor with urlPatterns: [/**].
15:42:30:601  INFO 956 --- [main] pertySourcedRequestMappingHandlerMapping : Mapped URL path [/v2/api-docs] onto method [springfox.documentation.swagger2.web.Swagger2ControllerWebMvc#getDocumentation(String, HttpServletRequest)]
15:42:31:079  INFO 956 --- [main] com.alibaba.nacos.common.remote.client   : [RpcClientFactory] create a new rpc client of 436026e6-37aa-4e24-af64-bd634126e639
15:42:31:079  INFO 956 --- [main] com.alibaba.nacos.common.remote.client   : [436026e6-37aa-4e24-af64-bd634126e639] RpcClient init label, labels = {module=naming, source=sdk}
15:42:31:081  INFO 956 --- [main] com.alibaba.nacos.common.remote.client   : [436026e6-37aa-4e24-af64-bd634126e639] RpcClient init, ServerListFactory = com.alibaba.nacos.client.naming.core.ServerListManager
15:42:31:081  INFO 956 --- [main] com.alibaba.nacos.common.remote.client   : [436026e6-37aa-4e24-af64-bd634126e639] Registry connection listener to current client:com.alibaba.nacos.client.naming.remote.gprc.redo.NamingGrpcRedoService
15:42:31:081  INFO 956 --- [main] com.alibaba.nacos.common.remote.client   : [436026e6-37aa-4e24-af64-bd634126e639] Register server push request handler:com.alibaba.nacos.client.naming.remote.gprc.NamingPushRequestHandler
15:42:31:082  INFO 956 --- [main] com.alibaba.nacos.common.remote.client   : [436026e6-37aa-4e24-af64-bd634126e639] Try to connect to server on start up, server: {serverIp = '192.168.232.147', server main port = 8848}
15:42:31:216  INFO 956 --- [main] com.alibaba.nacos.common.remote.client   : [436026e6-37aa-4e24-af64-bd634126e639] Success to connect to server [192.168.232.147:8848] on start up, connectionId = 1771400551081_192.168.232.1_60734
15:42:31:216  INFO 956 --- [main] com.alibaba.nacos.common.remote.client   : [436026e6-37aa-4e24-af64-bd634126e639] Register server push request handler:com.alibaba.nacos.common.remote.client.RpcClient$ConnectResetRequestHandler
15:42:31:216  INFO 956 --- [com.alibaba.nacos.client.remote.worker] com.alibaba.nacos.common.remote.client   : [436026e6-37aa-4e24-af64-bd634126e639] Notify connected event to listeners.
15:42:31:216  INFO 956 --- [main] com.alibaba.nacos.common.remote.client   : [436026e6-37aa-4e24-af64-bd634126e639] Register server push request handler:com.alibaba.nacos.common.remote.client.RpcClient$$Lambda$472/0x0000000800423440
15:42:31:376  INFO 956 --- [main] o.s.b.w.embedded.tomcat.TomcatWebServer  : Tomcat started on port(s): 8082 (http) with context path ''
15:42:31:597  INFO 956 --- [main] c.a.c.n.registry.NacosServiceRegistry    : nacos registry, DEFAULT_GROUP cart-service 192.168.232.1:8082 register finished
15:42:31:599  INFO 956 --- [main] d.s.w.p.DocumentationPluginsBootstrapper : Documentation plugins bootstrapped
15:42:31:603  INFO 956 --- [main] d.s.w.p.DocumentationPluginsBootstrapper : Found 1 custom documentation plugin(s)
15:42:31:621  INFO 956 --- [main] s.d.s.w.s.ApiListingReferenceScanner     : Scanning for api listing references
15:42:31:698  INFO 956 --- [main] com.hmall.cart.CartServiceApplication    : Started CartServiceApplication in 15.332 seconds (JVM running for 16.215)
15:42:31:702  INFO 956 --- [main] c.a.c.n.refresh.NacosContextRefresher    : [Nacos Config] Listening config: dataId=cart-service, group=DEFAULT_GROUP
15:42:31:720  INFO 956 --- [main] c.a.c.n.refresh.NacosContextRefresher    : [Nacos Config] Listening config: dataId=cart-service.yaml, group=DEFAULT_GROUP
15:42:31:720  INFO 956 --- [main] c.a.c.n.refresh.NacosContextRefresher    : [Nacos Config] Listening config: dataId=cart-service-local.yaml, group=DEFAULT_GROUP
15:42:31:879  INFO 956 --- [nacos-grpc-client-executor-5] com.alibaba.nacos.common.remote.client   : [436026e6-37aa-4e24-af64-bd634126e639] Receive server push request, request = NotifySubscriberRequest, requestId = 1
15:42:31:894  INFO 956 --- [nacos-grpc-client-executor-5] com.alibaba.nacos.common.remote.client   : [436026e6-37aa-4e24-af64-bd634126e639] Ack server push request, request = NotifySubscriberRequest, requestId = 1
16:06:19:210  INFO 956 --- [com.alibaba.nacos.client.remote.worker] com.alibaba.nacos.common.remote.client   : [5a443483-9711-49e0-b9e8-aa5686bb7632_config-0] Server healthy check fail, currentConnection = 1771400542150_192.168.232.1_51094
16:06:19:211  INFO 956 --- [com.alibaba.nacos.client.remote.worker] com.alibaba.nacos.common.remote.client   : [5a443483-9711-49e0-b9e8-aa5686bb7632_config-0] Try to reconnect to a new server, server is  not appointed, will choose a random server.
16:06:19:217 ERROR 956 --- [nacos-grpc-client-executor-334] c.a.n.c.remote.client.grpc.GrpcClient    : [1771400542150_192.168.232.1_51094]Request stream error, switch server,error={}

com.alibaba.nacos.shaded.io.grpc.StatusRuntimeException: UNAVAILABLE: io exception
	at com.alibaba.nacos.shaded.io.grpc.Status.asRuntimeException(Status.java:533) ~[nacos-client-2.0.4.jar:na]
	at com.alibaba.nacos.shaded.io.grpc.stub.ClientCalls$StreamObserverToCallListenerAdapter.onClose(ClientCalls.java:442) ~[nacos-client-2.0.4.jar:na]
	at com.alibaba.nacos.shaded.io.grpc.PartialForwardingClientCallListener.onClose(PartialForwardingClientCallListener.java:39) ~[nacos-client-2.0.4.jar:na]
	at com.alibaba.nacos.shaded.io.grpc.ForwardingClientCallListener.onClose(ForwardingClientCallListener.java:23) ~[nacos-client-2.0.4.jar:na]
	at com.alibaba.nacos.shaded.io.grpc.ForwardingClientCallListener$SimpleForwardingClientCallListener.onClose(ForwardingClientCallListener.java:40) ~[nacos-client-2.0.4.jar:na]
	at com.alibaba.nacos.shaded.io.grpc.internal.CensusStatsModule$StatsClientInterceptor$1$1.onClose(CensusStatsModule.java:700) ~[nacos-client-2.0.4.jar:na]
	at com.alibaba.nacos.shaded.io.grpc.PartialForwardingClientCallListener.onClose(PartialForwardingClientCallListener.java:39) ~[nacos-client-2.0.4.jar:na]
	at com.alibaba.nacos.shaded.io.grpc.ForwardingClientCallListener.onClose(ForwardingClientCallListener.java:23) ~[nacos-client-2.0.4.jar:na]
	at com.alibaba.nacos.shaded.io.grpc.ForwardingClientCallListener$SimpleForwardingClientCallListener.onClose(ForwardingClientCallListener.java:40) ~[nacos-client-2.0.4.jar:na]
	at com.alibaba.nacos.shaded.io.grpc.internal.CensusTracingModule$TracingClientInterceptor$1$1.onClose(CensusTracingModule.java:399) ~[nacos-client-2.0.4.jar:na]
	at com.alibaba.nacos.shaded.io.grpc.internal.ClientCallImpl.closeObserver(ClientCallImpl.java:510) ~[nacos-client-2.0.4.jar:na]
	at com.alibaba.nacos.shaded.io.grpc.internal.ClientCallImpl.access$300(ClientCallImpl.java:66) ~[nacos-client-2.0.4.jar:na]
	at com.alibaba.nacos.shaded.io.grpc.internal.ClientCallImpl$ClientStreamListenerImpl.close(ClientCallImpl.java:630) ~[nacos-client-2.0.4.jar:na]
	at com.alibaba.nacos.shaded.io.grpc.internal.ClientCallImpl$ClientStreamListenerImpl.access$700(ClientCallImpl.java:518) ~[nacos-client-2.0.4.jar:na]
	at com.alibaba.nacos.shaded.io.grpc.internal.ClientCallImpl$ClientStreamListenerImpl$1StreamClosed.runInternal(ClientCallImpl.java:692) ~[nacos-client-2.0.4.jar:na]
	at com.alibaba.nacos.shaded.io.grpc.internal.ClientCallImpl$ClientStreamListenerImpl$1StreamClosed.runInContext(ClientCallImpl.java:681) ~[nacos-client-2.0.4.jar:na]
	at com.alibaba.nacos.shaded.io.grpc.internal.ContextRunnable.run(ContextRunnable.java:37) ~[nacos-client-2.0.4.jar:na]
	at com.alibaba.nacos.shaded.io.grpc.internal.SerializingExecutor.run(SerializingExecutor.java:123) ~[nacos-client-2.0.4.jar:na]
	at java.base/java.util.concurrent.ThreadPoolExecutor.runWorker(ThreadPoolExecutor.java:1128) ~[na:na]
	at java.base/java.util.concurrent.ThreadPoolExecutor$Worker.run(ThreadPoolExecutor.java:628) ~[na:na]
	at java.base/java.lang.Thread.run(Thread.java:829) ~[na:na]
Caused by: java.io.IOException: 远程主机强迫关闭了一个现有的连接。
	at java.base/sun.nio.ch.SocketDispatcher.read0(Native Method) ~[na:na]
	at java.base/sun.nio.ch.SocketDispatcher.read(SocketDispatcher.java:43) ~[na:na]
	at java.base/sun.nio.ch.IOUtil.readIntoNativeBuffer(IOUtil.java:276) ~[na:na]
	at java.base/sun.nio.ch.IOUtil.read(IOUtil.java:233) ~[na:na]
	at java.base/sun.nio.ch.IOUtil.read(IOUtil.java:223) ~[na:na]
	at java.base/sun.nio.ch.SocketChannelImpl.read(SocketChannelImpl.java:356) ~[na:na]
	at com.alibaba.nacos.shaded.io.grpc.netty.shaded.io.netty.buffer.PooledByteBuf.setBytes(PooledByteBuf.java:247) ~[nacos-client-2.0.4.jar:na]
	at com.alibaba.nacos.shaded.io.grpc.netty.shaded.io.netty.buffer.AbstractByteBuf.writeBytes(AbstractByteBuf.java:1140) ~[nacos-client-2.0.4.jar:na]
	at com.alibaba.nacos.shaded.io.grpc.netty.shaded.io.netty.channel.socket.nio.NioSocketChannel.doReadBytes(NioSocketChannel.java:347) ~[nacos-client-2.0.4.jar:na]
	at com.alibaba.nacos.shaded.io.grpc.netty.shaded.io.netty.channel.nio.AbstractNioByteChannel$NioByteUnsafe.read(AbstractNioByteChannel.java:148) ~[nacos-client-2.0.4.jar:na]
	at com.alibaba.nacos.shaded.io.grpc.netty.shaded.io.netty.channel.nio.NioEventLoop.processSelectedKey(NioEventLoop.java:697) ~[nacos-client-2.0.4.jar:na]
	at com.alibaba.nacos.shaded.io.grpc.netty.shaded.io.netty.channel.nio.NioEventLoop.processSelectedKeysOptimized(NioEventLoop.java:632) ~[nacos-client-2.0.4.jar:na]
	at com.alibaba.nacos.shaded.io.grpc.netty.shaded.io.netty.channel.nio.NioEventLoop.processSelectedKeys(NioEventLoop.java:549) ~[nacos-client-2.0.4.jar:na]
	at com.alibaba.nacos.shaded.io.grpc.netty.shaded.io.netty.channel.nio.NioEventLoop.run(NioEventLoop.java:511) ~[nacos-client-2.0.4.jar:na]
	at com.alibaba.nacos.shaded.io.grpc.netty.shaded.io.netty.util.concurrent.SingleThreadEventExecutor$5.run(SingleThreadEventExecutor.java:918) ~[nacos-client-2.0.4.jar:na]
	at com.alibaba.nacos.shaded.io.grpc.netty.shaded.io.netty.util.internal.ThreadExecutorMap$2.run(ThreadExecutorMap.java:74) ~[nacos-client-2.0.4.jar:na]
	at com.alibaba.nacos.shaded.io.grpc.netty.shaded.io.netty.util.concurrent.FastThreadLocalRunnable.run(FastThreadLocalRunnable.java:30) ~[nacos-client-2.0.4.jar:na]
	... 1 common frames omitted

16:06:19:371  INFO 956 --- [com.alibaba.nacos.client.remote.worker] com.alibaba.nacos.common.remote.client   : [5a443483-9711-49e0-b9e8-aa5686bb7632_config-0] Success to connect a server [192.168.232.147:8848], connectionId = 1771401979194_192.168.232.1_50992
16:06:19:371  INFO 956 --- [com.alibaba.nacos.client.remote.worker] com.alibaba.nacos.common.remote.client   : [5a443483-9711-49e0-b9e8-aa5686bb7632_config-0] Abandon prev connection, server is 192.168.232.147:8848, connectionId is 1771400542150_192.168.232.1_51094
16:06:19:372  INFO 956 --- [com.alibaba.nacos.client.remote.worker] com.alibaba.nacos.common.remote.client   : Close current connection 1771400542150_192.168.232.1_51094
16:06:19:381  INFO 956 --- [com.alibaba.nacos.client.remote.worker] com.alibaba.nacos.common.remote.client   : [5a443483-9711-49e0-b9e8-aa5686bb7632_config-0] Notify disconnected event to listeners
16:06:19:382  INFO 956 --- [com.alibaba.nacos.client.remote.worker] com.alibaba.nacos.common.remote.client   : [5a443483-9711-49e0-b9e8-aa5686bb7632_config-0] Notify connected event to listeners.
16:06:20:026  INFO 956 --- [com.alibaba.nacos.client.remote.worker] com.alibaba.nacos.common.remote.client   : [436026e6-37aa-4e24-af64-bd634126e639] Server healthy check fail, currentConnection = 1771400551081_192.168.232.1_60734
16:06:20:027  INFO 956 --- [com.alibaba.nacos.client.remote.worker] com.alibaba.nacos.common.remote.client   : [436026e6-37aa-4e24-af64-bd634126e639] Try to reconnect to a new server, server is  not appointed, will choose a random server.
16:06:20:027 ERROR 956 --- [nacos-grpc-client-executor-316] c.a.n.c.remote.client.grpc.GrpcClient    : [1771400551081_192.168.232.1_60734]Request stream error, switch server,error={}

com.alibaba.nacos.shaded.io.grpc.StatusRuntimeException: UNAVAILABLE: io exception
	at com.alibaba.nacos.shaded.io.grpc.Status.asRuntimeException(Status.java:533) ~[nacos-client-2.0.4.jar:na]
	at com.alibaba.nacos.shaded.io.grpc.stub.ClientCalls$StreamObserverToCallListenerAdapter.onClose(ClientCalls.java:442) ~[nacos-client-2.0.4.jar:na]
	at com.alibaba.nacos.shaded.io.grpc.PartialForwardingClientCallListener.onClose(PartialForwardingClientCallListener.java:39) ~[nacos-client-2.0.4.jar:na]
	at com.alibaba.nacos.shaded.io.grpc.ForwardingClientCallListener.onClose(ForwardingClientCallListener.java:23) ~[nacos-client-2.0.4.jar:na]
	at com.alibaba.nacos.shaded.io.grpc.ForwardingClientCallListener$SimpleForwardingClientCallListener.onClose(ForwardingClientCallListener.java:40) ~[nacos-client-2.0.4.jar:na]
	at com.alibaba.nacos.shaded.io.grpc.internal.CensusStatsModule$StatsClientInterceptor$1$1.onClose(CensusStatsModule.java:700) ~[nacos-client-2.0.4.jar:na]
	at com.alibaba.nacos.shaded.io.grpc.PartialForwardingClientCallListener.onClose(PartialForwardingClientCallListener.java:39) ~[nacos-client-2.0.4.jar:na]
	at com.alibaba.nacos.shaded.io.grpc.ForwardingClientCallListener.onClose(ForwardingClientCallListener.java:23) ~[nacos-client-2.0.4.jar:na]
	at com.alibaba.nacos.shaded.io.grpc.ForwardingClientCallListener$SimpleForwardingClientCallListener.onClose(ForwardingClientCallListener.java:40) ~[nacos-client-2.0.4.jar:na]
	at com.alibaba.nacos.shaded.io.grpc.internal.CensusTracingModule$TracingClientInterceptor$1$1.onClose(CensusTracingModule.java:399) ~[nacos-client-2.0.4.jar:na]
	at com.alibaba.nacos.shaded.io.grpc.internal.ClientCallImpl.closeObserver(ClientCallImpl.java:510) ~[nacos-client-2.0.4.jar:na]
	at com.alibaba.nacos.shaded.io.grpc.internal.ClientCallImpl.access$300(ClientCallImpl.java:66) ~[nacos-client-2.0.4.jar:na]
	at com.alibaba.nacos.shaded.io.grpc.internal.ClientCallImpl$ClientStreamListenerImpl.close(ClientCallImpl.java:630) ~[nacos-client-2.0.4.jar:na]
	at com.alibaba.nacos.shaded.io.grpc.internal.ClientCallImpl$ClientStreamListenerImpl.access$700(ClientCallImpl.java:518) ~[nacos-client-2.0.4.jar:na]
	at com.alibaba.nacos.shaded.io.grpc.internal.ClientCallImpl$ClientStreamListenerImpl$1StreamClosed.runInternal(ClientCallImpl.java:692) ~[nacos-client-2.0.4.jar:na]
	at com.alibaba.nacos.shaded.io.grpc.internal.ClientCallImpl$ClientStreamListenerImpl$1StreamClosed.runInContext(ClientCallImpl.java:681) ~[nacos-client-2.0.4.jar:na]
	at com.alibaba.nacos.shaded.io.grpc.internal.ContextRunnable.run(ContextRunnable.java:37) ~[nacos-client-2.0.4.jar:na]
	at com.alibaba.nacos.shaded.io.grpc.internal.SerializingExecutor.run(SerializingExecutor.java:123) ~[nacos-client-2.0.4.jar:na]
	at java.base/java.util.concurrent.ThreadPoolExecutor.runWorker(ThreadPoolExecutor.java:1128) ~[na:na]
	at java.base/java.util.concurrent.ThreadPoolExecutor$Worker.run(ThreadPoolExecutor.java:628) ~[na:na]
	at java.base/java.lang.Thread.run(Thread.java:829) ~[na:na]
Caused by: java.io.IOException: 远程主机强迫关闭了一个现有的连接。
	at java.base/sun.nio.ch.SocketDispatcher.read0(Native Method) ~[na:na]
	at java.base/sun.nio.ch.SocketDispatcher.read(SocketDispatcher.java:43) ~[na:na]
	at java.base/sun.nio.ch.IOUtil.readIntoNativeBuffer(IOUtil.java:276) ~[na:na]
	at java.base/sun.nio.ch.IOUtil.read(IOUtil.java:233) ~[na:na]
	at java.base/sun.nio.ch.IOUtil.read(IOUtil.java:223) ~[na:na]
	at java.base/sun.nio.ch.SocketChannelImpl.read(SocketChannelImpl.java:356) ~[na:na]
	at com.alibaba.nacos.shaded.io.grpc.netty.shaded.io.netty.buffer.PooledByteBuf.setBytes(PooledByteBuf.java:247) ~[nacos-client-2.0.4.jar:na]
	at com.alibaba.nacos.shaded.io.grpc.netty.shaded.io.netty.buffer.AbstractByteBuf.writeBytes(AbstractByteBuf.java:1140) ~[nacos-client-2.0.4.jar:na]
	at com.alibaba.nacos.shaded.io.grpc.netty.shaded.io.netty.buffer.WrappedByteBuf.writeBytes(WrappedByteBuf.java:818) ~[nacos-client-2.0.4.jar:na]
	at com.alibaba.nacos.shaded.io.grpc.netty.shaded.io.netty.channel.socket.nio.NioSocketChannel.doReadBytes(NioSocketChannel.java:347) ~[nacos-client-2.0.4.jar:na]
	at com.alibaba.nacos.shaded.io.grpc.netty.shaded.io.netty.channel.nio.AbstractNioByteChannel$NioByteUnsafe.read(AbstractNioByteChannel.java:148) ~[nacos-client-2.0.4.jar:na]
	at com.alibaba.nacos.shaded.io.grpc.netty.shaded.io.netty.channel.nio.NioEventLoop.processSelectedKey(NioEventLoop.java:697) ~[nacos-client-2.0.4.jar:na]
	at com.alibaba.nacos.shaded.io.grpc.netty.shaded.io.netty.channel.nio.NioEventLoop.processSelectedKeysOptimized(NioEventLoop.java:632) ~[nacos-client-2.0.4.jar:na]
	at com.alibaba.nacos.shaded.io.grpc.netty.shaded.io.netty.channel.nio.NioEventLoop.processSelectedKeys(NioEventLoop.java:549) ~[nacos-client-2.0.4.jar:na]
	at com.alibaba.nacos.shaded.io.grpc.netty.shaded.io.netty.channel.nio.NioEventLoop.run(NioEventLoop.java:511) ~[nacos-client-2.0.4.jar:na]
	at com.alibaba.nacos.shaded.io.grpc.netty.shaded.io.netty.util.concurrent.SingleThreadEventExecutor$5.run(SingleThreadEventExecutor.java:918) ~[nacos-client-2.0.4.jar:na]
	at com.alibaba.nacos.shaded.io.grpc.netty.shaded.io.netty.util.internal.ThreadExecutorMap$2.run(ThreadExecutorMap.java:74) ~[nacos-client-2.0.4.jar:na]
	at com.alibaba.nacos.shaded.io.grpc.netty.shaded.io.netty.util.concurrent.FastThreadLocalRunnable.run(FastThreadLocalRunnable.java:30) ~[nacos-client-2.0.4.jar:na]
	... 1 common frames omitted

16:06:20:161  INFO 956 --- [com.alibaba.nacos.client.remote.worker] com.alibaba.nacos.common.remote.client   : [436026e6-37aa-4e24-af64-bd634126e639] Success to connect a server [192.168.232.147:8848], connectionId = 1771401979990_192.168.232.1_50994
16:06:20:161  INFO 956 --- [com.alibaba.nacos.client.remote.worker] com.alibaba.nacos.common.remote.client   : [436026e6-37aa-4e24-af64-bd634126e639] Abandon prev connection, server is 192.168.232.147:8848, connectionId is 1771400551081_192.168.232.1_60734
16:06:20:162  INFO 956 --- [com.alibaba.nacos.client.remote.worker] com.alibaba.nacos.common.remote.client   : Close current connection 1771400551081_192.168.232.1_60734
16:06:20:162  INFO 956 --- [com.alibaba.nacos.client.remote.worker] com.alibaba.nacos.common.remote.client   : [436026e6-37aa-4e24-af64-bd634126e639] Notify disconnected event to listeners
16:06:20:165  INFO 956 --- [com.alibaba.nacos.client.remote.worker] com.alibaba.nacos.common.remote.client   : [436026e6-37aa-4e24-af64-bd634126e639] Notify connected event to listeners.
16:06:22:898  INFO 956 --- [nacos-grpc-client-executor-323] com.alibaba.nacos.common.remote.client   : [436026e6-37aa-4e24-af64-bd634126e639] Receive server push request, request = NotifySubscriberRequest, requestId = 7
16:06:22:899  INFO 956 --- [nacos-grpc-client-executor-323] com.alibaba.nacos.common.remote.client   : [436026e6-37aa-4e24-af64-bd634126e639] Ack server push request, request = NotifySubscriberRequest, requestId = 7
16:06:40:710  INFO 956 --- [nacos-grpc-client-executor-327] com.alibaba.nacos.common.remote.client   : [436026e6-37aa-4e24-af64-bd634126e639] Receive server push request, request = NotifySubscriberRequest, requestId = 18
16:06:40:711  INFO 956 --- [nacos-grpc-client-executor-327] com.alibaba.nacos.common.remote.client   : [436026e6-37aa-4e24-af64-bd634126e639] Ack server push request, request = NotifySubscriberRequest, requestId = 18
16:08:19:346  WARN 956 --- [Thread-1] c.a.n.common.http.HttpClientBeanHolder   : [HttpClientBeanHolder] Start destroying common HttpClient
16:08:19:346  WARN 956 --- [Thread-5] c.a.nacos.common.notify.NotifyCenter     : [NotifyCenter] Start destroying Publisher
16:08:19:347  WARN 956 --- [Thread-5] c.a.nacos.common.notify.NotifyCenter     : [NotifyCenter] Destruction of the end
16:08:19:348  WARN 956 --- [Thread-1] c.a.n.common.http.HttpClientBeanHolder   : [HttpClientBeanHolder] Destruction of the end
16:08:19:524  INFO 956 --- [SpringApplicationShutdownHook] c.a.c.n.registry.NacosServiceRegistry    : De-registering from Nacos Server now...
16:08:19:528  INFO 956 --- [SpringApplicationShutdownHook] c.a.c.n.registry.NacosServiceRegistry    : De-registration finished.
16:08:19:858  INFO 956 --- [SpringApplicationShutdownHook] com.alibaba.nacos.common.remote.client   : Shutdown rpc client, set status to shutdown
16:08:19:859  INFO 956 --- [SpringApplicationShutdownHook] com.alibaba.nacos.common.remote.client   : Shutdown client event executor java.util.concurrent.ScheduledThreadPoolExecutor@73e4795f[Running, pool size = 2, active threads = 2, queued tasks = 0, completed tasks = 0]
16:08:19:859  INFO 956 --- [SpringApplicationShutdownHook] com.alibaba.nacos.common.remote.client   : Close current connection 1771401979990_192.168.232.1_50994
16:08:19:863  INFO 956 --- [SpringApplicationShutdownHook] c.a.n.c.remote.client.grpc.GrpcClient    : Shutdown grpc executor java.util.concurrent.ThreadPoolExecutor@6bfed108[Running, pool size = 5, active threads = 1, queued tasks = 0, completed tasks = 350]
16:08:19:864  INFO 956 --- [nacos-grpc-client-executor-350] c.a.n.c.remote.client.grpc.GrpcClient    : [1771401979990_192.168.232.1_50994]Ignore complete event,isRunning:false,isAbandon=false
16:08:34:206  INFO 18196 --- [main] com.hmall.cart.CartServiceApplication    : The following 1 profile is active: "local"
16:08:34:786  INFO 18196 --- [main] .s.d.r.c.RepositoryConfigurationDelegate : Multiple Spring Data modules found, entering strict repository configuration mode
16:08:34:788  INFO 18196 --- [main] .s.d.r.c.RepositoryConfigurationDelegate : Bootstrapping Spring Data Redis repositories in DEFAULT mode.
16:08:34:807  INFO 18196 --- [main] .s.d.r.c.RepositoryConfigurationDelegate : Finished Spring Data repository scanning in 6 ms. Found 0 Redis repository interfaces.
16:08:34:977  INFO 18196 --- [main] o.s.cloud.context.scope.GenericScope     : BeanFactory id=85732dfd-d05d-3813-bd96-125b9dc81a9c
16:08:35:345  INFO 18196 --- [main] o.s.b.w.embedded.tomcat.TomcatWebServer  : Tomcat initialized with port(s): 8082 (http)
16:08:35:355  INFO 18196 --- [main] o.apache.catalina.core.StandardService   : Starting service [Tomcat]
16:08:35:356  INFO 18196 --- [main] org.apache.catalina.core.StandardEngine  : Starting Servlet engine: [Apache Tomcat/9.0.75]
16:08:35:487  INFO 18196 --- [main] o.a.c.c.C.[Tomcat].[localhost].[/]       : Initializing Spring embedded WebApplicationContext
16:08:35:487  INFO 18196 --- [main] w.s.c.ServletWebServerApplicationContext : Root WebApplicationContext: initialization completed in 1267 ms
16:08:36:770  INFO 18196 --- [main] o.s.cloud.commons.util.InetUtils         : Cannot determine local hostname
16:08:37:566  INFO 18196 --- [main] o.s.c.openfeign.FeignClientFactoryBean   : For 'item-service' URL not provided. Will try picking an instance via load-balancing.
16:08:38:445  INFO 18196 --- [main] c.a.c.sentinel.SentinelWebMvcConfigurer  : [Sentinel Starter] register SentinelWebInterceptor with urlPatterns: [/**].
16:08:38:669  INFO 18196 --- [main] pertySourcedRequestMappingHandlerMapping : Mapped URL path [/v2/api-docs] onto method [springfox.documentation.swagger2.web.Swagger2ControllerWebMvc#getDocumentation(String, HttpServletRequest)]
16:08:39:044  INFO 18196 --- [main] com.alibaba.nacos.common.remote.client   : [RpcClientFactory] create a new rpc client of 474b008f-cd95-406e-bb7e-20e392857058
16:08:39:044  INFO 18196 --- [main] com.alibaba.nacos.common.remote.client   : [474b008f-cd95-406e-bb7e-20e392857058] RpcClient init label, labels = {module=naming, source=sdk}
16:08:39:046  INFO 18196 --- [main] com.alibaba.nacos.common.remote.client   : [474b008f-cd95-406e-bb7e-20e392857058] RpcClient init, ServerListFactory = com.alibaba.nacos.client.naming.core.ServerListManager
16:08:39:046  INFO 18196 --- [main] com.alibaba.nacos.common.remote.client   : [474b008f-cd95-406e-bb7e-20e392857058] Registry connection listener to current client:com.alibaba.nacos.client.naming.remote.gprc.redo.NamingGrpcRedoService
16:08:39:046  INFO 18196 --- [main] com.alibaba.nacos.common.remote.client   : [474b008f-cd95-406e-bb7e-20e392857058] Register server push request handler:com.alibaba.nacos.client.naming.remote.gprc.NamingPushRequestHandler
16:08:39:046  INFO 18196 --- [main] com.alibaba.nacos.common.remote.client   : [474b008f-cd95-406e-bb7e-20e392857058] Try to connect to server on start up, server: {serverIp = '192.168.232.147', server main port = 8848}
16:08:39:163  INFO 18196 --- [main] com.alibaba.nacos.common.remote.client   : [474b008f-cd95-406e-bb7e-20e392857058] Success to connect to server [192.168.232.147:8848] on start up, connectionId = 1771402119002_192.168.232.1_62820
16:08:39:163  INFO 18196 --- [main] com.alibaba.nacos.common.remote.client   : [474b008f-cd95-406e-bb7e-20e392857058] Register server push request handler:com.alibaba.nacos.common.remote.client.RpcClient$ConnectResetRequestHandler
16:08:39:163  INFO 18196 --- [main] com.alibaba.nacos.common.remote.client   : [474b008f-cd95-406e-bb7e-20e392857058] Register server push request handler:com.alibaba.nacos.common.remote.client.RpcClient$$Lambda$472/0x0000000800423440
16:08:39:163  INFO 18196 --- [com.alibaba.nacos.client.remote.worker] com.alibaba.nacos.common.remote.client   : [474b008f-cd95-406e-bb7e-20e392857058] Notify connected event to listeners.
16:08:39:209  INFO 18196 --- [main] o.s.b.w.embedded.tomcat.TomcatWebServer  : Tomcat started on port(s): 8082 (http) with context path ''
16:08:39:406  INFO 18196 --- [main] c.a.c.n.registry.NacosServiceRegistry    : nacos registry, DEFAULT_GROUP cart-service 192.168.232.1:8082 register finished
16:08:39:407  INFO 18196 --- [main] d.s.w.p.DocumentationPluginsBootstrapper : Documentation plugins bootstrapped
16:08:39:408  INFO 18196 --- [main] d.s.w.p.DocumentationPluginsBootstrapper : Found 1 custom documentation plugin(s)
16:08:39:424  INFO 18196 --- [main] s.d.s.w.s.ApiListingReferenceScanner     : Scanning for api listing references
16:08:39:486  INFO 18196 --- [main] com.hmall.cart.CartServiceApplication    : Started CartServiceApplication in 9.682 seconds (JVM running for 10.377)
16:08:39:490  INFO 18196 --- [main] c.a.c.n.refresh.NacosContextRefresher    : [Nacos Config] Listening config: dataId=cart-service, group=DEFAULT_GROUP
16:08:39:492  INFO 18196 --- [main] c.a.c.n.refresh.NacosContextRefresher    : [Nacos Config] Listening config: dataId=cart-service.yaml, group=DEFAULT_GROUP
16:08:39:492  INFO 18196 --- [main] c.a.c.n.refresh.NacosContextRefresher    : [Nacos Config] Listening config: dataId=cart-service-local.yaml, group=DEFAULT_GROUP
16:08:39:688  INFO 18196 --- [nacos-grpc-client-executor-5] com.alibaba.nacos.common.remote.client   : [474b008f-cd95-406e-bb7e-20e392857058] Receive server push request, request = NotifySubscriberRequest, requestId = 19
16:08:39:704  INFO 18196 --- [nacos-grpc-client-executor-5] com.alibaba.nacos.common.remote.client   : [474b008f-cd95-406e-bb7e-20e392857058] Ack server push request, request = NotifySubscriberRequest, requestId = 19
16:09:59:923  WARN 18196 --- [Thread-5] c.a.nacos.common.notify.NotifyCenter     : [NotifyCenter] Start destroying Publisher
16:09:59:923  WARN 18196 --- [Thread-1] c.a.n.common.http.HttpClientBeanHolder   : [HttpClientBeanHolder] Start destroying common HttpClient
16:09:59:923  WARN 18196 --- [Thread-5] c.a.nacos.common.notify.NotifyCenter     : [NotifyCenter] Destruction of the end
16:09:59:924  WARN 18196 --- [Thread-1] c.a.n.common.http.HttpClientBeanHolder   : [HttpClientBeanHolder] Destruction of the end
16:10:00:114  INFO 18196 --- [SpringApplicationShutdownHook] c.a.c.n.registry.NacosServiceRegistry    : De-registering from Nacos Server now...
16:10:00:120  INFO 18196 --- [SpringApplicationShutdownHook] c.a.c.n.registry.NacosServiceRegistry    : De-registration finished.
16:10:00:443  INFO 18196 --- [SpringApplicationShutdownHook] com.alibaba.nacos.common.remote.client   : Shutdown rpc client, set status to shutdown
16:10:00:443  INFO 18196 --- [SpringApplicationShutdownHook] com.alibaba.nacos.common.remote.client   : Shutdown client event executor java.util.concurrent.ScheduledThreadPoolExecutor@1d8e7362[Running, pool size = 2, active threads = 2, queued tasks = 0, completed tasks = 0]
16:10:00:443  INFO 18196 --- [SpringApplicationShutdownHook] com.alibaba.nacos.common.remote.client   : Close current connection 1771402119002_192.168.232.1_62820
16:10:00:445  INFO 18196 --- [nacos-grpc-client-executor-24] c.a.n.c.remote.client.grpc.GrpcClient    : [1771402119002_192.168.232.1_62820]Ignore complete event,isRunning:false,isAbandon=false
16:10:00:446  INFO 18196 --- [SpringApplicationShutdownHook] c.a.n.c.remote.client.grpc.GrpcClient    : Shutdown grpc executor java.util.concurrent.ThreadPoolExecutor@ef2176e[Running, pool size = 5, active threads = 0, queued tasks = 0, completed tasks = 25]
21:52:27:701  INFO 12284 --- [main] com.hmall.cart.CartServiceApplication    : The following 1 profile is active: "local"
21:52:29:348  INFO 12284 --- [main] .s.d.r.c.RepositoryConfigurationDelegate : Multiple Spring Data modules found, entering strict repository configuration mode
21:52:29:354  INFO 12284 --- [main] .s.d.r.c.RepositoryConfigurationDelegate : Bootstrapping Spring Data Redis repositories in DEFAULT mode.
21:52:29:401  INFO 12284 --- [main] .s.d.r.c.RepositoryConfigurationDelegate : Finished Spring Data repository scanning in 19 ms. Found 0 Redis repository interfaces.
21:52:29:898  INFO 12284 --- [main] o.s.cloud.context.scope.GenericScope     : BeanFactory id=85732dfd-d05d-3813-bd96-125b9dc81a9c
21:52:31:057  INFO 12284 --- [main] o.s.b.w.embedded.tomcat.TomcatWebServer  : Tomcat initialized with port(s): 8082 (http)
21:52:31:073  INFO 12284 --- [main] o.apache.catalina.core.StandardService   : Starting service [Tomcat]
21:52:31:073  INFO 12284 --- [main] org.apache.catalina.core.StandardEngine  : Starting Servlet engine: [Apache Tomcat/9.0.75]
21:52:31:465  INFO 12284 --- [main] o.a.c.c.C.[Tomcat].[localhost].[/]       : Initializing Spring embedded WebApplicationContext
21:52:31:465  INFO 12284 --- [main] w.s.c.ServletWebServerApplicationContext : Root WebApplicationContext: initialization completed in 3729 ms
21:52:33:252  INFO 12284 --- [main] o.s.c.openfeign.FeignClientFactoryBean   : For 'item-service' URL not provided. Will try picking an instance via load-balancing.
21:52:36:007  INFO 12284 --- [main] c.a.c.sentinel.SentinelWebMvcConfigurer  : [Sentinel Starter] register SentinelWebInterceptor with urlPatterns: [/**].
21:52:36:682  INFO 12284 --- [main] pertySourcedRequestMappingHandlerMapping : Mapped URL path [/v2/api-docs] onto method [springfox.documentation.swagger2.web.Swagger2ControllerWebMvc#getDocumentation(String, HttpServletRequest)]
21:52:37:956  INFO 12284 --- [main] com.alibaba.nacos.common.remote.client   : [RpcClientFactory] create a new rpc client of 48e39d54-b791-4d05-bb7e-ea6c73e2bfd6
21:52:37:957  INFO 12284 --- [main] com.alibaba.nacos.common.remote.client   : [48e39d54-b791-4d05-bb7e-ea6c73e2bfd6] RpcClient init label, labels = {module=naming, source=sdk}
21:52:37:963  INFO 12284 --- [main] com.alibaba.nacos.common.remote.client   : [48e39d54-b791-4d05-bb7e-ea6c73e2bfd6] RpcClient init, ServerListFactory = com.alibaba.nacos.client.naming.core.ServerListManager
21:52:37:964  INFO 12284 --- [main] com.alibaba.nacos.common.remote.client   : [48e39d54-b791-4d05-bb7e-ea6c73e2bfd6] Registry connection listener to current client:com.alibaba.nacos.client.naming.remote.gprc.redo.NamingGrpcRedoService
21:52:37:965  INFO 12284 --- [main] com.alibaba.nacos.common.remote.client   : [48e39d54-b791-4d05-bb7e-ea6c73e2bfd6] Register server push request handler:com.alibaba.nacos.client.naming.remote.gprc.NamingPushRequestHandler
21:52:37:966  INFO 12284 --- [main] com.alibaba.nacos.common.remote.client   : [48e39d54-b791-4d05-bb7e-ea6c73e2bfd6] Try to connect to server on start up, server: {serverIp = '192.168.232.147', server main port = 8848}
21:52:38:109  INFO 12284 --- [main] com.alibaba.nacos.common.remote.client   : [48e39d54-b791-4d05-bb7e-ea6c73e2bfd6] Success to connect to server [192.168.232.147:8848] on start up, connectionId = 1771422757939_192.168.232.1_54751
21:52:38:112  INFO 12284 --- [main] com.alibaba.nacos.common.remote.client   : [48e39d54-b791-4d05-bb7e-ea6c73e2bfd6] Register server push request handler:com.alibaba.nacos.common.remote.client.RpcClient$ConnectResetRequestHandler
21:52:38:112  INFO 12284 --- [com.alibaba.nacos.client.remote.worker] com.alibaba.nacos.common.remote.client   : [48e39d54-b791-4d05-bb7e-ea6c73e2bfd6] Notify connected event to listeners.
21:52:38:114  INFO 12284 --- [main] com.alibaba.nacos.common.remote.client   : [48e39d54-b791-4d05-bb7e-ea6c73e2bfd6] Register server push request handler:com.alibaba.nacos.common.remote.client.RpcClient$$Lambda$472/0x0000000800423440
21:52:38:237  INFO 12284 --- [main] o.s.b.w.embedded.tomcat.TomcatWebServer  : Tomcat started on port(s): 8082 (http) with context path ''
21:52:38:707  INFO 12284 --- [nacos-grpc-client-executor-5] com.alibaba.nacos.common.remote.client   : [48e39d54-b791-4d05-bb7e-ea6c73e2bfd6] Receive server push request, request = NotifySubscriberRequest, requestId = 22
21:52:38:724  INFO 12284 --- [nacos-grpc-client-executor-5] com.alibaba.nacos.common.remote.client   : [48e39d54-b791-4d05-bb7e-ea6c73e2bfd6] Ack server push request, request = NotifySubscriberRequest, requestId = 22
21:52:38:768  INFO 12284 --- [main] c.a.c.n.registry.NacosServiceRegistry    : nacos registry, DEFAULT_GROUP cart-service 192.168.232.1:8082 register finished
21:52:38:770  INFO 12284 --- [main] d.s.w.p.DocumentationPluginsBootstrapper : Documentation plugins bootstrapped
21:52:38:775  INFO 12284 --- [main] d.s.w.p.DocumentationPluginsBootstrapper : Found 1 custom documentation plugin(s)
21:52:38:813  INFO 12284 --- [main] s.d.s.w.s.ApiListingReferenceScanner     : Scanning for api listing references
21:52:39:013  INFO 12284 --- [main] com.hmall.cart.CartServiceApplication    : Started CartServiceApplication in 17.601 seconds (JVM running for 18.312)
21:52:39:023  INFO 12284 --- [main] c.a.c.n.refresh.NacosContextRefresher    : [Nacos Config] Listening config: dataId=cart-service, group=DEFAULT_GROUP
21:52:39:039  INFO 12284 --- [main] c.a.c.n.refresh.NacosContextRefresher    : [Nacos Config] Listening config: dataId=cart-service.yaml, group=DEFAULT_GROUP
21:52:39:039  INFO 12284 --- [main] c.a.c.n.refresh.NacosContextRefresher    : [Nacos Config] Listening config: dataId=cart-service-local.yaml, group=DEFAULT_GROUP
21:52:39:284  INFO 12284 --- [nacos-grpc-client-executor-8] com.alibaba.nacos.common.remote.client   : [48e39d54-b791-4d05-bb7e-ea6c73e2bfd6] Receive server push request, request = NotifySubscriberRequest, requestId = 23
21:52:39:301  INFO 12284 --- [nacos-grpc-client-executor-8] com.alibaba.nacos.common.remote.client   : [48e39d54-b791-4d05-bb7e-ea6c73e2bfd6] Ack server push request, request = NotifySubscriberRequest, requestId = 23
22:02:28:261  WARN 12284 --- [Thread-5] c.a.nacos.common.notify.NotifyCenter     : [NotifyCenter] Start destroying Publisher
22:02:28:261  WARN 12284 --- [Thread-1] c.a.n.common.http.HttpClientBeanHolder   : [HttpClientBeanHolder] Start destroying common HttpClient
22:02:28:262  WARN 12284 --- [Thread-5] c.a.nacos.common.notify.NotifyCenter     : [NotifyCenter] Destruction of the end
22:02:28:263  WARN 12284 --- [Thread-1] c.a.n.common.http.HttpClientBeanHolder   : [HttpClientBeanHolder] Destruction of the end
22:02:28:415  INFO 12284 --- [SpringApplicationShutdownHook] c.a.c.n.registry.NacosServiceRegistry    : De-registering from Nacos Server now...
22:02:28:419  INFO 12284 --- [SpringApplicationShutdownHook] c.a.c.n.registry.NacosServiceRegistry    : De-registration finished.
22:02:28:744  INFO 12284 --- [SpringApplicationShutdownHook] com.alibaba.nacos.common.remote.client   : Shutdown rpc client, set status to shutdown
22:02:28:744  INFO 12284 --- [SpringApplicationShutdownHook] com.alibaba.nacos.common.remote.client   : Shutdown client event executor java.util.concurrent.ScheduledThreadPoolExecutor@1c168191[Running, pool size = 2, active threads = 2, queued tasks = 0, completed tasks = 0]
22:02:28:744  INFO 12284 --- [SpringApplicationShutdownHook] com.alibaba.nacos.common.remote.client   : Close current connection 1771422757939_192.168.232.1_54751
22:02:28:748  INFO 12284 --- [nacos-grpc-client-executor-137] c.a.n.c.remote.client.grpc.GrpcClient    : [1771422757939_192.168.232.1_54751]Ignore complete event,isRunning:false,isAbandon=false
22:02:28:749  INFO 12284 --- [SpringApplicationShutdownHook] c.a.n.c.remote.client.grpc.GrpcClient    : Shutdown grpc executor java.util.concurrent.ThreadPoolExecutor@5f8bc470[Running, pool size = 5, active threads = 0, queued tasks = 0, completed tasks = 138]
22:14:45:401  INFO 19984 --- [main] com.hmall.cart.CartServiceApplication    : The following 1 profile is active: "local"
22:14:46:021  INFO 19984 --- [main] .s.d.r.c.RepositoryConfigurationDelegate : Multiple Spring Data modules found, entering strict repository configuration mode
22:14:46:023  INFO 19984 --- [main] .s.d.r.c.RepositoryConfigurationDelegate : Bootstrapping Spring Data Redis repositories in DEFAULT mode.
22:14:46:041  INFO 19984 --- [main] .s.d.r.c.RepositoryConfigurationDelegate : Finished Spring Data repository scanning in 7 ms. Found 0 Redis repository interfaces.
22:14:46:209  INFO 19984 --- [main] o.s.cloud.context.scope.GenericScope     : BeanFactory id=85732dfd-d05d-3813-bd96-125b9dc81a9c
22:14:46:534  INFO 19984 --- [main] o.s.b.w.embedded.tomcat.TomcatWebServer  : Tomcat initialized with port(s): 8082 (http)
22:14:46:541  INFO 19984 --- [main] o.apache.catalina.core.StandardService   : Starting service [Tomcat]
22:14:46:541  INFO 19984 --- [main] org.apache.catalina.core.StandardEngine  : Starting Servlet engine: [Apache Tomcat/9.0.75]
22:14:46:654  INFO 19984 --- [main] o.a.c.c.C.[Tomcat].[localhost].[/]       : Initializing Spring embedded WebApplicationContext
22:14:46:654  INFO 19984 --- [main] w.s.c.ServletWebServerApplicationContext : Root WebApplicationContext: initialization completed in 1240 ms
22:14:47:930  INFO 19984 --- [main] o.s.cloud.commons.util.InetUtils         : Cannot determine local hostname
22:14:48:849  INFO 19984 --- [main] o.s.c.openfeign.FeignClientFactoryBean   : For 'item-service' URL not provided. Will try picking an instance via load-balancing.
22:14:49:759  INFO 19984 --- [main] c.a.c.sentinel.SentinelWebMvcConfigurer  : [Sentinel Starter] register SentinelWebInterceptor with urlPatterns: [/**].
22:14:50:009  INFO 19984 --- [main] pertySourcedRequestMappingHandlerMapping : Mapped URL path [/v2/api-docs] onto method [springfox.documentation.swagger2.web.Swagger2ControllerWebMvc#getDocumentation(String, HttpServletRequest)]
22:14:50:406  INFO 19984 --- [main] com.alibaba.nacos.common.remote.client   : [RpcClientFactory] create a new rpc client of c48aabc6-024e-46ad-807d-0dbbff50d9b8
22:14:50:406  INFO 19984 --- [main] com.alibaba.nacos.common.remote.client   : [c48aabc6-024e-46ad-807d-0dbbff50d9b8] RpcClient init label, labels = {module=naming, source=sdk}
22:14:50:408  INFO 19984 --- [main] com.alibaba.nacos.common.remote.client   : [c48aabc6-024e-46ad-807d-0dbbff50d9b8] RpcClient init, ServerListFactory = com.alibaba.nacos.client.naming.core.ServerListManager
22:14:50:408  INFO 19984 --- [main] com.alibaba.nacos.common.remote.client   : [c48aabc6-024e-46ad-807d-0dbbff50d9b8] Registry connection listener to current client:com.alibaba.nacos.client.naming.remote.gprc.redo.NamingGrpcRedoService
22:14:50:408  INFO 19984 --- [main] com.alibaba.nacos.common.remote.client   : [c48aabc6-024e-46ad-807d-0dbbff50d9b8] Register server push request handler:com.alibaba.nacos.client.naming.remote.gprc.NamingPushRequestHandler
22:14:50:408  INFO 19984 --- [main] com.alibaba.nacos.common.remote.client   : [c48aabc6-024e-46ad-807d-0dbbff50d9b8] Try to connect to server on start up, server: {serverIp = '192.168.232.147', server main port = 8848}
22:14:50:529  INFO 19984 --- [main] com.alibaba.nacos.common.remote.client   : [c48aabc6-024e-46ad-807d-0dbbff50d9b8] Success to connect to server [192.168.232.147:8848] on start up, connectionId = 1771424090326_192.168.232.1_53787
22:14:50:529  INFO 19984 --- [main] com.alibaba.nacos.common.remote.client   : [c48aabc6-024e-46ad-807d-0dbbff50d9b8] Register server push request handler:com.alibaba.nacos.common.remote.client.RpcClient$ConnectResetRequestHandler
22:14:50:529  INFO 19984 --- [main] com.alibaba.nacos.common.remote.client   : [c48aabc6-024e-46ad-807d-0dbbff50d9b8] Register server push request handler:com.alibaba.nacos.common.remote.client.RpcClient$$Lambda$472/0x0000000800423440
22:14:50:529  INFO 19984 --- [com.alibaba.nacos.client.remote.worker] com.alibaba.nacos.common.remote.client   : [c48aabc6-024e-46ad-807d-0dbbff50d9b8] Notify connected event to listeners.
22:14:50:581  INFO 19984 --- [main] o.s.b.w.embedded.tomcat.TomcatWebServer  : Tomcat started on port(s): 8082 (http) with context path ''
22:14:50:782  INFO 19984 --- [main] c.a.c.n.registry.NacosServiceRegistry    : nacos registry, DEFAULT_GROUP cart-service 192.168.232.1:8082 register finished
22:14:50:783  INFO 19984 --- [main] d.s.w.p.DocumentationPluginsBootstrapper : Documentation plugins bootstrapped
22:14:50:785  INFO 19984 --- [main] d.s.w.p.DocumentationPluginsBootstrapper : Found 1 custom documentation plugin(s)
22:14:50:799  INFO 19984 --- [main] s.d.s.w.s.ApiListingReferenceScanner     : Scanning for api listing references
22:14:50:858  INFO 19984 --- [main] com.hmall.cart.CartServiceApplication    : Started CartServiceApplication in 9.758 seconds (JVM running for 10.439)
22:14:50:862  INFO 19984 --- [main] c.a.c.n.refresh.NacosContextRefresher    : [Nacos Config] Listening config: dataId=cart-service, group=DEFAULT_GROUP
22:14:50:864  INFO 19984 --- [main] c.a.c.n.refresh.NacosContextRefresher    : [Nacos Config] Listening config: dataId=cart-service.yaml, group=DEFAULT_GROUP
22:14:50:864  INFO 19984 --- [main] c.a.c.n.refresh.NacosContextRefresher    : [Nacos Config] Listening config: dataId=cart-service-local.yaml, group=DEFAULT_GROUP
22:14:51:116  INFO 19984 --- [nacos-grpc-client-executor-7] com.alibaba.nacos.common.remote.client   : [c48aabc6-024e-46ad-807d-0dbbff50d9b8] Receive server push request, request = NotifySubscriberRequest, requestId = 37
22:14:51:137  INFO 19984 --- [nacos-grpc-client-executor-7] com.alibaba.nacos.common.remote.client   : [c48aabc6-024e-46ad-807d-0dbbff50d9b8] Ack server push request, request = NotifySubscriberRequest, requestId = 37
22:24:40:891  WARN 19984 --- [Thread-5] c.a.nacos.common.notify.NotifyCenter     : [NotifyCenter] Start destroying Publisher
22:24:40:891  WARN 19984 --- [Thread-1] c.a.n.common.http.HttpClientBeanHolder   : [HttpClientBeanHolder] Start destroying common HttpClient
22:24:40:896  WARN 19984 --- [Thread-5] c.a.nacos.common.notify.NotifyCenter     : [NotifyCenter] Destruction of the end
22:24:40:897  WARN 19984 --- [Thread-1] c.a.n.common.http.HttpClientBeanHolder   : [HttpClientBeanHolder] Destruction of the end
22:24:41:067  INFO 19984 --- [SpringApplicationShutdownHook] c.a.c.n.registry.NacosServiceRegistry    : De-registering from Nacos Server now...
22:24:41:072  INFO 19984 --- [SpringApplicationShutdownHook] c.a.c.n.registry.NacosServiceRegistry    : De-registration finished.
22:24:41:404  INFO 19984 --- [SpringApplicationShutdownHook] com.alibaba.nacos.common.remote.client   : Shutdown rpc client, set status to shutdown
22:24:41:404  INFO 19984 --- [SpringApplicationShutdownHook] com.alibaba.nacos.common.remote.client   : Shutdown client event executor java.util.concurrent.ScheduledThreadPoolExecutor@65ec2021[Running, pool size = 2, active threads = 2, queued tasks = 0, completed tasks = 0]
22:24:41:404  INFO 19984 --- [SpringApplicationShutdownHook] com.alibaba.nacos.common.remote.client   : Close current connection 1771424090326_192.168.232.1_53787
22:24:41:407  INFO 19984 --- [nacos-grpc-client-executor-138] c.a.n.c.remote.client.grpc.GrpcClient    : [1771424090326_192.168.232.1_53787]Ignore complete event,isRunning:false,isAbandon=false
22:24:41:413  INFO 19984 --- [SpringApplicationShutdownHook] c.a.n.c.remote.client.grpc.GrpcClient    : Shutdown grpc executor java.util.concurrent.ThreadPoolExecutor@3dec97d5[Running, pool size = 6, active threads = 0, queued tasks = 0, completed tasks = 139]
22:24:49:447  INFO 14036 --- [main] com.hmall.cart.CartServiceApplication    : The following 1 profile is active: "local"
22:24:50:009  INFO 14036 --- [main] .s.d.r.c.RepositoryConfigurationDelegate : Multiple Spring Data modules found, entering strict repository configuration mode
22:24:50:011  INFO 14036 --- [main] .s.d.r.c.RepositoryConfigurationDelegate : Bootstrapping Spring Data Redis repositories in DEFAULT mode.
22:24:50:026  INFO 14036 --- [main] .s.d.r.c.RepositoryConfigurationDelegate : Finished Spring Data repository scanning in 6 ms. Found 0 Redis repository interfaces.
22:24:50:187  INFO 14036 --- [main] o.s.cloud.context.scope.GenericScope     : BeanFactory id=85732dfd-d05d-3813-bd96-125b9dc81a9c
22:24:50:550  INFO 14036 --- [main] o.s.b.w.embedded.tomcat.TomcatWebServer  : Tomcat initialized with port(s): 8082 (http)
22:24:50:557  INFO 14036 --- [main] o.apache.catalina.core.StandardService   : Starting service [Tomcat]
22:24:50:557  INFO 14036 --- [main] org.apache.catalina.core.StandardEngine  : Starting Servlet engine: [Apache Tomcat/9.0.75]
22:24:50:668  INFO 14036 --- [main] o.a.c.c.C.[Tomcat].[localhost].[/]       : Initializing Spring embedded WebApplicationContext
22:24:50:669  INFO 14036 --- [main] w.s.c.ServletWebServerApplicationContext : Root WebApplicationContext: initialization completed in 1209 ms
22:24:51:927  INFO 14036 --- [main] o.s.cloud.commons.util.InetUtils         : Cannot determine local hostname
22:24:52:981  INFO 14036 --- [main] o.s.c.openfeign.FeignClientFactoryBean   : For 'item-service' URL not provided. Will try picking an instance via load-balancing.
22:24:53:848  INFO 14036 --- [main] c.a.c.sentinel.SentinelWebMvcConfigurer  : [Sentinel Starter] register SentinelWebInterceptor with urlPatterns: [/**].
22:24:54:082  INFO 14036 --- [main] pertySourcedRequestMappingHandlerMapping : Mapped URL path [/v2/api-docs] onto method [springfox.documentation.swagger2.web.Swagger2ControllerWebMvc#getDocumentation(String, HttpServletRequest)]
22:24:54:467  INFO 14036 --- [main] com.alibaba.nacos.common.remote.client   : [RpcClientFactory] create a new rpc client of 43256eb1-efc7-4410-84ba-96daea6dd664
22:24:54:468  INFO 14036 --- [main] com.alibaba.nacos.common.remote.client   : [43256eb1-efc7-4410-84ba-96daea6dd664] RpcClient init label, labels = {module=naming, source=sdk}
22:24:54:470  INFO 14036 --- [main] com.alibaba.nacos.common.remote.client   : [43256eb1-efc7-4410-84ba-96daea6dd664] RpcClient init, ServerListFactory = com.alibaba.nacos.client.naming.core.ServerListManager
22:24:54:470  INFO 14036 --- [main] com.alibaba.nacos.common.remote.client   : [43256eb1-efc7-4410-84ba-96daea6dd664] Registry connection listener to current client:com.alibaba.nacos.client.naming.remote.gprc.redo.NamingGrpcRedoService
22:24:54:470  INFO 14036 --- [main] com.alibaba.nacos.common.remote.client   : [43256eb1-efc7-4410-84ba-96daea6dd664] Register server push request handler:com.alibaba.nacos.client.naming.remote.gprc.NamingPushRequestHandler
22:24:54:471  INFO 14036 --- [main] com.alibaba.nacos.common.remote.client   : [43256eb1-efc7-4410-84ba-96daea6dd664] Try to connect to server on start up, server: {serverIp = '192.168.232.147', server main port = 8848}
22:24:54:599  INFO 14036 --- [main] com.alibaba.nacos.common.remote.client   : [43256eb1-efc7-4410-84ba-96daea6dd664] Success to connect to server [192.168.232.147:8848] on start up, connectionId = 1771424694378_192.168.232.1_58558
22:24:54:599  INFO 14036 --- [main] com.alibaba.nacos.common.remote.client   : [43256eb1-efc7-4410-84ba-96daea6dd664] Register server push request handler:com.alibaba.nacos.common.remote.client.RpcClient$ConnectResetRequestHandler
22:24:54:599  INFO 14036 --- [main] com.alibaba.nacos.common.remote.client   : [43256eb1-efc7-4410-84ba-96daea6dd664] Register server push request handler:com.alibaba.nacos.common.remote.client.RpcClient$$Lambda$472/0x0000000800423440
22:24:54:599  INFO 14036 --- [com.alibaba.nacos.client.remote.worker] com.alibaba.nacos.common.remote.client   : [43256eb1-efc7-4410-84ba-96daea6dd664] Notify connected event to listeners.
22:24:54:660  INFO 14036 --- [main] o.s.b.w.embedded.tomcat.TomcatWebServer  : Tomcat started on port(s): 8082 (http) with context path ''
22:24:54:845  INFO 14036 --- [main] c.a.c.n.registry.NacosServiceRegistry    : nacos registry, DEFAULT_GROUP cart-service 192.168.232.1:8082 register finished
22:24:54:846  INFO 14036 --- [main] d.s.w.p.DocumentationPluginsBootstrapper : Documentation plugins bootstrapped
22:24:54:848  INFO 14036 --- [main] d.s.w.p.DocumentationPluginsBootstrapper : Found 1 custom documentation plugin(s)
22:24:54:865  INFO 14036 --- [main] s.d.s.w.s.ApiListingReferenceScanner     : Scanning for api listing references
22:24:54:926  INFO 14036 --- [main] com.hmall.cart.CartServiceApplication    : Started CartServiceApplication in 9.634 seconds (JVM running for 10.325)
22:24:54:930  INFO 14036 --- [main] c.a.c.n.refresh.NacosContextRefresher    : [Nacos Config] Listening config: dataId=cart-service, group=DEFAULT_GROUP
22:24:54:931  INFO 14036 --- [main] c.a.c.n.refresh.NacosContextRefresher    : [Nacos Config] Listening config: dataId=cart-service.yaml, group=DEFAULT_GROUP
22:24:54:932  INFO 14036 --- [main] c.a.c.n.refresh.NacosContextRefresher    : [Nacos Config] Listening config: dataId=cart-service-local.yaml, group=DEFAULT_GROUP
22:24:55:181  INFO 14036 --- [nacos-grpc-client-executor-5] com.alibaba.nacos.common.remote.client   : [43256eb1-efc7-4410-84ba-96daea6dd664] Receive server push request, request = NotifySubscriberRequest, requestId = 43
22:24:55:191  INFO 14036 --- [nacos-grpc-client-executor-5] com.alibaba.nacos.common.remote.client   : [43256eb1-efc7-4410-84ba-96daea6dd664] Ack server push request, request = NotifySubscriberRequest, requestId = 43
22:25:27:223  WARN 14036 --- [Thread-1] c.a.n.common.http.HttpClientBeanHolder   : [HttpClientBeanHolder] Start destroying common HttpClient
22:25:27:223  WARN 14036 --- [Thread-5] c.a.nacos.common.notify.NotifyCenter     : [NotifyCenter] Start destroying Publisher
22:25:27:223  WARN 14036 --- [Thread-5] c.a.nacos.common.notify.NotifyCenter     : [NotifyCenter] Destruction of the end
22:25:27:224  WARN 14036 --- [Thread-1] c.a.n.common.http.HttpClientBeanHolder   : [HttpClientBeanHolder] Destruction of the end
22:25:27:389  INFO 14036 --- [SpringApplicationShutdownHook] c.a.c.n.registry.NacosServiceRegistry    : De-registering from Nacos Server now...
22:25:27:405  INFO 14036 --- [SpringApplicationShutdownHook] c.a.c.n.registry.NacosServiceRegistry    : De-registration finished.
22:25:27:734  INFO 14036 --- [SpringApplicationShutdownHook] com.alibaba.nacos.common.remote.client   : Shutdown rpc client, set status to shutdown
22:25:27:734  INFO 14036 --- [SpringApplicationShutdownHook] com.alibaba.nacos.common.remote.client   : Shutdown client event executor java.util.concurrent.ScheduledThreadPoolExecutor@aaf4b4b[Running, pool size = 2, active threads = 2, queued tasks = 0, completed tasks = 0]
22:25:27:734  INFO 14036 --- [SpringApplicationShutdownHook] com.alibaba.nacos.common.remote.client   : Close current connection 1771424694378_192.168.232.1_58558
22:25:27:736  INFO 14036 --- [nacos-grpc-client-executor-16] c.a.n.c.remote.client.grpc.GrpcClient    : [1771424694378_192.168.232.1_58558]Ignore complete event,isRunning:false,isAbandon=false
22:25:27:738  INFO 14036 --- [SpringApplicationShutdownHook] c.a.n.c.remote.client.grpc.GrpcClient    : Shutdown grpc executor java.util.concurrent.ThreadPoolExecutor@42a3a335[Running, pool size = 7, active threads = 0, queued tasks = 0, completed tasks = 17]
22:25:38:568  INFO 21388 --- [main] com.hmall.cart.CartServiceApplication    : The following 1 profile is active: "local"
22:25:39:108  INFO 21388 --- [main] .s.d.r.c.RepositoryConfigurationDelegate : Multiple Spring Data modules found, entering strict repository configuration mode
22:25:39:110  INFO 21388 --- [main] .s.d.r.c.RepositoryConfigurationDelegate : Bootstrapping Spring Data Redis repositories in DEFAULT mode.
22:25:39:126  INFO 21388 --- [main] .s.d.r.c.RepositoryConfigurationDelegate : Finished Spring Data repository scanning in 6 ms. Found 0 Redis repository interfaces.
22:25:39:292  INFO 21388 --- [main] o.s.cloud.context.scope.GenericScope     : BeanFactory id=85732dfd-d05d-3813-bd96-125b9dc81a9c
22:25:39:625  INFO 21388 --- [main] o.s.b.w.embedded.tomcat.TomcatWebServer  : Tomcat initialized with port(s): 8082 (http)
22:25:39:632  INFO 21388 --- [main] o.apache.catalina.core.StandardService   : Starting service [Tomcat]
22:25:39:632  INFO 21388 --- [main] org.apache.catalina.core.StandardEngine  : Starting Servlet engine: [Apache Tomcat/9.0.75]
22:25:39:744  INFO 21388 --- [main] o.a.c.c.C.[Tomcat].[localhost].[/]       : Initializing Spring embedded WebApplicationContext
22:25:39:744  INFO 21388 --- [main] w.s.c.ServletWebServerApplicationContext : Root WebApplicationContext: initialization completed in 1164 ms
22:25:41:344  INFO 21388 --- [main] o.s.cloud.commons.util.InetUtils         : Cannot determine local hostname
22:25:42:451  INFO 21388 --- [main] o.s.c.openfeign.FeignClientFactoryBean   : For 'item-service' URL not provided. Will try picking an instance via load-balancing.
22:25:45:030  INFO 21388 --- [main] c.a.c.sentinel.SentinelWebMvcConfigurer  : [Sentinel Starter] register SentinelWebInterceptor with urlPatterns: [/**].
22:25:45:713  INFO 21388 --- [main] pertySourcedRequestMappingHandlerMapping : Mapped URL path [/v2/api-docs] onto method [springfox.documentation.swagger2.web.Swagger2ControllerWebMvc#getDocumentation(String, HttpServletRequest)]
22:25:47:018  INFO 21388 --- [main] com.alibaba.nacos.common.remote.client   : [RpcClientFactory] create a new rpc client of 61a7221f-18d1-4aa2-a4d0-2cc7e4d8fbe2
22:25:47:019  INFO 21388 --- [main] com.alibaba.nacos.common.remote.client   : [61a7221f-18d1-4aa2-a4d0-2cc7e4d8fbe2] RpcClient init label, labels = {module=naming, source=sdk}
22:25:47:023  INFO 21388 --- [main] com.alibaba.nacos.common.remote.client   : [61a7221f-18d1-4aa2-a4d0-2cc7e4d8fbe2] RpcClient init, ServerListFactory = com.alibaba.nacos.client.naming.core.ServerListManager
22:25:47:024  INFO 21388 --- [main] com.alibaba.nacos.common.remote.client   : [61a7221f-18d1-4aa2-a4d0-2cc7e4d8fbe2] Registry connection listener to current client:com.alibaba.nacos.client.naming.remote.gprc.redo.NamingGrpcRedoService
22:25:47:026  INFO 21388 --- [main] com.alibaba.nacos.common.remote.client   : [61a7221f-18d1-4aa2-a4d0-2cc7e4d8fbe2] Register server push request handler:com.alibaba.nacos.client.naming.remote.gprc.NamingPushRequestHandler
22:25:47:027  INFO 21388 --- [main] com.alibaba.nacos.common.remote.client   : [61a7221f-18d1-4aa2-a4d0-2cc7e4d8fbe2] Try to connect to server on start up, server: {serverIp = '192.168.232.147', server main port = 8848}
22:25:47:177  INFO 21388 --- [main] com.alibaba.nacos.common.remote.client   : [61a7221f-18d1-4aa2-a4d0-2cc7e4d8fbe2] Success to connect to server [192.168.232.147:8848] on start up, connectionId = 1771424746953_192.168.232.1_54612
22:25:47:178  INFO 21388 --- [main] com.alibaba.nacos.common.remote.client   : [61a7221f-18d1-4aa2-a4d0-2cc7e4d8fbe2] Register server push request handler:com.alibaba.nacos.common.remote.client.RpcClient$ConnectResetRequestHandler
22:25:47:178  INFO 21388 --- [com.alibaba.nacos.client.remote.worker] com.alibaba.nacos.common.remote.client   : [61a7221f-18d1-4aa2-a4d0-2cc7e4d8fbe2] Notify connected event to listeners.
22:25:47:179  INFO 21388 --- [main] com.alibaba.nacos.common.remote.client   : [61a7221f-18d1-4aa2-a4d0-2cc7e4d8fbe2] Register server push request handler:com.alibaba.nacos.common.remote.client.RpcClient$$Lambda$472/0x0000000800423440
22:25:47:313  INFO 21388 --- [main] o.s.b.w.embedded.tomcat.TomcatWebServer  : Tomcat started on port(s): 8082 (http) with context path ''
22:25:47:739  INFO 21388 --- [nacos-grpc-client-executor-4] com.alibaba.nacos.common.remote.client   : [61a7221f-18d1-4aa2-a4d0-2cc7e4d8fbe2] Receive server push request, request = NotifySubscriberRequest, requestId = 46
22:25:47:766  INFO 21388 --- [nacos-grpc-client-executor-4] com.alibaba.nacos.common.remote.client   : [61a7221f-18d1-4aa2-a4d0-2cc7e4d8fbe2] Ack server push request, request = NotifySubscriberRequest, requestId = 46
22:25:47:826  INFO 21388 --- [main] c.a.c.n.registry.NacosServiceRegistry    : nacos registry, DEFAULT_GROUP cart-service 192.168.232.1:8082 register finished
22:25:47:828  INFO 21388 --- [main] d.s.w.p.DocumentationPluginsBootstrapper : Documentation plugins bootstrapped
22:25:47:835  INFO 21388 --- [main] d.s.w.p.DocumentationPluginsBootstrapper : Found 1 custom documentation plugin(s)
22:25:47:904  INFO 21388 --- [main] s.d.s.w.s.ApiListingReferenceScanner     : Scanning for api listing references
22:25:48:139  INFO 21388 --- [main] com.hmall.cart.CartServiceApplication    : Started CartServiceApplication in 13.691 seconds (JVM running for 14.355)
22:25:48:151  INFO 21388 --- [main] c.a.c.n.refresh.NacosContextRefresher    : [Nacos Config] Listening config: dataId=cart-service, group=DEFAULT_GROUP
22:25:48:156  INFO 21388 --- [main] c.a.c.n.refresh.NacosContextRefresher    : [Nacos Config] Listening config: dataId=cart-service.yaml, group=DEFAULT_GROUP
22:25:48:157  INFO 21388 --- [main] c.a.c.n.refresh.NacosContextRefresher    : [Nacos Config] Listening config: dataId=cart-service-local.yaml, group=DEFAULT_GROUP
22:25:48:422  INFO 21388 --- [nacos-grpc-client-executor-7] com.alibaba.nacos.common.remote.client   : [61a7221f-18d1-4aa2-a4d0-2cc7e4d8fbe2] Receive server push request, request = NotifySubscriberRequest, requestId = 47
22:25:48:451  INFO 21388 --- [nacos-grpc-client-executor-7] com.alibaba.nacos.common.remote.client   : [61a7221f-18d1-4aa2-a4d0-2cc7e4d8fbe2] Ack server push request, request = NotifySubscriberRequest, requestId = 47
22:27:36:759  WARN 21388 --- [Thread-1] c.a.n.common.http.HttpClientBeanHolder   : [HttpClientBeanHolder] Start destroying common HttpClient
22:27:36:759  WARN 21388 --- [Thread-5] c.a.nacos.common.notify.NotifyCenter     : [NotifyCenter] Start destroying Publisher
22:27:36:759  WARN 21388 --- [Thread-5] c.a.nacos.common.notify.NotifyCenter     : [NotifyCenter] Destruction of the end
22:27:36:760  WARN 21388 --- [Thread-1] c.a.n.common.http.HttpClientBeanHolder   : [HttpClientBeanHolder] Destruction of the end
22:27:36:914  INFO 21388 --- [SpringApplicationShutdownHook] c.a.c.n.registry.NacosServiceRegistry    : De-registering from Nacos Server now...
22:27:36:918  INFO 21388 --- [SpringApplicationShutdownHook] c.a.c.n.registry.NacosServiceRegistry    : De-registration finished.
22:27:37:247  INFO 21388 --- [SpringApplicationShutdownHook] com.alibaba.nacos.common.remote.client   : Shutdown rpc client, set status to shutdown
22:27:37:247  INFO 21388 --- [SpringApplicationShutdownHook] com.alibaba.nacos.common.remote.client   : Shutdown client event executor java.util.concurrent.ScheduledThreadPoolExecutor@6836182b[Running, pool size = 2, active threads = 2, queued tasks = 0, completed tasks = 0]
22:27:37:247  INFO 21388 --- [SpringApplicationShutdownHook] com.alibaba.nacos.common.remote.client   : Close current connection 1771424746953_192.168.232.1_54612
22:27:37:249  INFO 21388 --- [nacos-grpc-client-executor-36] c.a.n.c.remote.client.grpc.GrpcClient    : [1771424746953_192.168.232.1_54612]Ignore complete event,isRunning:false,isAbandon=false
22:27:37:251  INFO 21388 --- [SpringApplicationShutdownHook] c.a.n.c.remote.client.grpc.GrpcClient    : Shutdown grpc executor java.util.concurrent.ThreadPoolExecutor@77216a2e[Running, pool size = 6, active threads = 0, queued tasks = 0, completed tasks = 37]
22:27:49:152  INFO 7636 --- [main] com.hmall.cart.CartServiceApplication    : The following 1 profile is active: "local"
22:27:49:905  INFO 7636 --- [main] .s.d.r.c.RepositoryConfigurationDelegate : Multiple Spring Data modules found, entering strict repository configuration mode
22:27:49:906  INFO 7636 --- [main] .s.d.r.c.RepositoryConfigurationDelegate : Bootstrapping Spring Data Redis repositories in DEFAULT mode.
22:27:49:924  INFO 7636 --- [main] .s.d.r.c.RepositoryConfigurationDelegate : Finished Spring Data repository scanning in 6 ms. Found 0 Redis repository interfaces.
22:27:50:086  INFO 7636 --- [main] o.s.cloud.context.scope.GenericScope     : BeanFactory id=9556579f-53a8-3581-9d89-9ae0171b75f6
22:27:50:131  INFO 7636 --- [main] trationDelegate$BeanPostProcessorChecker : Bean 'io.seata.spring.boot.autoconfigure.SeataCoreAutoConfiguration' of type [io.seata.spring.boot.autoconfigure.SeataCoreAutoConfiguration] is not eligible for getting processed by all BeanPostProcessors (for example: not eligible for auto-proxying)
22:27:50:131  INFO 7636 --- [main] trationDelegate$BeanPostProcessorChecker : Bean 'springApplicationContextProvider' of type [io.seata.spring.boot.autoconfigure.provider.SpringApplicationContextProvider] is not eligible for getting processed by all BeanPostProcessors (for example: not eligible for auto-proxying)
22:27:50:131  INFO 7636 --- [main] trationDelegate$BeanPostProcessorChecker : Bean 'io.seata.spring.boot.autoconfigure.SeataAutoConfiguration' of type [io.seata.spring.boot.autoconfigure.SeataAutoConfiguration] is not eligible for getting processed by all BeanPostProcessors (for example: not eligible for auto-proxying)
22:27:50:154  INFO 7636 --- [main] trationDelegate$BeanPostProcessorChecker : Bean 'failureHandler' of type [io.seata.tm.api.DefaultFailureHandlerImpl] is not eligible for getting processed by all BeanPostProcessors (for example: not eligible for auto-proxying)
22:27:50:156  INFO 7636 --- [main] trationDelegate$BeanPostProcessorChecker : Bean 'org.springframework.cloud.commons.config.CommonsConfigAutoConfiguration' of type [org.springframework.cloud.commons.config.CommonsConfigAutoConfiguration] is not eligible for getting processed by all BeanPostProcessors (for example: not eligible for auto-proxying)
22:27:50:157  INFO 7636 --- [main] trationDelegate$BeanPostProcessorChecker : Bean 'org.springframework.cloud.client.loadbalancer.LoadBalancerDefaultMappingsProviderAutoConfiguration' of type [org.springframework.cloud.client.loadbalancer.LoadBalancerDefaultMappingsProviderAutoConfiguration] is not eligible for getting processed by all BeanPostProcessors (for example: not eligible for auto-proxying)
22:27:50:158  INFO 7636 --- [main] trationDelegate$BeanPostProcessorChecker : Bean 'loadBalancerClientsDefaultsMappingsProvider' of type [org.springframework.cloud.client.loadbalancer.LoadBalancerDefaultMappingsProviderAutoConfiguration$$Lambda$591/0x000000080068dc40] is not eligible for getting processed by all BeanPostProcessors (for example: not eligible for auto-proxying)
22:27:50:158  INFO 7636 --- [main] trationDelegate$BeanPostProcessorChecker : Bean 'defaultsBindHandlerAdvisor' of type [org.springframework.cloud.commons.config.DefaultsBindHandlerAdvisor] is not eligible for getting processed by all BeanPostProcessors (for example: not eligible for auto-proxying)
22:27:50:161  INFO 7636 --- [main] trationDelegate$BeanPostProcessorChecker : Bean 'springCloudAlibabaConfiguration' of type [io.seata.spring.boot.autoconfigure.properties.SpringCloudAlibabaConfiguration] is not eligible for getting processed by all BeanPostProcessors (for example: not eligible for auto-proxying)
22:27:50:162  INFO 7636 --- [main] trationDelegate$BeanPostProcessorChecker : Bean 'seataProperties' of type [io.seata.spring.boot.autoconfigure.properties.SeataProperties] is not eligible for getting processed by all BeanPostProcessors (for example: not eligible for auto-proxying)
22:27:50:163  INFO 7636 --- [main] i.s.s.b.a.SeataAutoConfiguration         : Automatically configure Seata
22:27:50:208  INFO 7636 --- [main] io.seata.config.ConfigurationFactory     : load Configuration from :Spring Configuration
22:27:50:212  INFO 7636 --- [main] io.seata.config.ConfigurationFactory     : load Configuration from :Spring Configuration
22:27:50:252  INFO 7636 --- [main] i.s.s.a.GlobalTransactionScanner         : Initializing Global Transaction Clients ... 
22:27:50:293  INFO 7636 --- [main] i.s.core.rpc.netty.NettyClientBootstrap  : NettyClientBootstrap has started
22:27:50:593  INFO 7636 --- [main] com.alibaba.nacos.common.remote.client   : [RpcClientFactory] create a new rpc client of a377093a-c61c-4baf-89ea-ee008bddcdfa
22:27:50:593  INFO 7636 --- [main] com.alibaba.nacos.common.remote.client   : [a377093a-c61c-4baf-89ea-ee008bddcdfa] RpcClient init label, labels = {module=naming, source=sdk}
22:27:50:595  INFO 7636 --- [main] com.alibaba.nacos.common.remote.client   : [a377093a-c61c-4baf-89ea-ee008bddcdfa] RpcClient init, ServerListFactory = com.alibaba.nacos.client.naming.core.ServerListManager
22:27:50:595  INFO 7636 --- [main] com.alibaba.nacos.common.remote.client   : [a377093a-c61c-4baf-89ea-ee008bddcdfa] Registry connection listener to current client:com.alibaba.nacos.client.naming.remote.gprc.redo.NamingGrpcRedoService
22:27:50:595  INFO 7636 --- [main] com.alibaba.nacos.common.remote.client   : [a377093a-c61c-4baf-89ea-ee008bddcdfa] Register server push request handler:com.alibaba.nacos.client.naming.remote.gprc.NamingPushRequestHandler
22:27:50:595  INFO 7636 --- [main] com.alibaba.nacos.common.remote.client   : [a377093a-c61c-4baf-89ea-ee008bddcdfa] Try to connect to server on start up, server: {serverIp = '192.168.232.147', server main port = 8848}
22:27:50:717  INFO 7636 --- [main] com.alibaba.nacos.common.remote.client   : [a377093a-c61c-4baf-89ea-ee008bddcdfa] Success to connect to server [192.168.232.147:8848] on start up, connectionId = 1771424870502_192.168.232.1_60121
22:27:50:717  INFO 7636 --- [main] com.alibaba.nacos.common.remote.client   : [a377093a-c61c-4baf-89ea-ee008bddcdfa] Register server push request handler:com.alibaba.nacos.common.remote.client.RpcClient$ConnectResetRequestHandler
22:27:50:717  INFO 7636 --- [main] com.alibaba.nacos.common.remote.client   : [a377093a-c61c-4baf-89ea-ee008bddcdfa] Register server push request handler:com.alibaba.nacos.common.remote.client.RpcClient$$Lambda$472/0x000000080042b440
22:27:50:717  INFO 7636 --- [com.alibaba.nacos.client.remote.worker] com.alibaba.nacos.common.remote.client   : [a377093a-c61c-4baf-89ea-ee008bddcdfa] Notify connected event to listeners.
22:27:50:769  INFO 7636 --- [main] i.s.c.r.netty.NettyClientChannelManager  : will connect to 192.168.232.147:8099
22:27:50:900  INFO 7636 --- [main] i.s.core.rpc.netty.NettyPoolableFactory  : NettyPool create channel to transactionRole:TMROLE,address:192.168.232.147:8099,msg:< RegisterTMRequest{applicationId='cart-service', transactionServiceGroup='hmall'} >
22:27:51:095  INFO 7636 --- [main] i.s.c.rpc.netty.TmNettyRemotingClient    : register TM success. client version:1.5.2, server version:1.5.2,channel:[id: 0xe722af89, L:/192.168.232.1:60122 - R:/192.168.232.147:8099]
22:27:51:098  INFO 7636 --- [main] i.s.core.rpc.netty.NettyPoolableFactory  : register success, cost 35 ms, version:1.5.2,role:TMROLE,channel:[id: 0xe722af89, L:/192.168.232.1:60122 - R:/192.168.232.147:8099]
22:27:51:099  INFO 7636 --- [main] i.s.s.a.GlobalTransactionScanner         : Transaction Manager Client is initialized. applicationId[cart-service] txServiceGroup[hmall]
22:27:51:107  INFO 7636 --- [main] io.seata.rm.datasource.AsyncWorker       : Async Commit Buffer Limit: 10000
22:27:51:108  INFO 7636 --- [main] i.s.rm.datasource.xa.ResourceManagerXA   : ResourceManagerXA init ...
22:27:51:114  INFO 7636 --- [main] i.s.core.rpc.netty.NettyClientBootstrap  : NettyClientBootstrap has started
22:27:51:115  INFO 7636 --- [main] i.s.s.a.GlobalTransactionScanner         : Resource Manager is initialized. applicationId[cart-service] txServiceGroup[hmall]
22:27:51:115  INFO 7636 --- [main] i.s.s.a.GlobalTransactionScanner         : Global Transaction Clients are initialized. 
22:27:51:117  INFO 7636 --- [main] trationDelegate$BeanPostProcessorChecker : Bean 'io.seata.spring.boot.autoconfigure.SeataDataSourceAutoConfiguration' of type [io.seata.spring.boot.autoconfigure.SeataDataSourceAutoConfiguration] is not eligible for getting processed by all BeanPostProcessors (for example: not eligible for auto-proxying)
22:27:51:252  INFO 7636 --- [nacos-grpc-client-executor-4] com.alibaba.nacos.common.remote.client   : [a377093a-c61c-4baf-89ea-ee008bddcdfa] Receive server push request, request = NotifySubscriberRequest, requestId = 48
22:27:51:270  INFO 7636 --- [nacos-grpc-client-executor-4] com.alibaba.nacos.common.remote.client   : [a377093a-c61c-4baf-89ea-ee008bddcdfa] Ack server push request, request = NotifySubscriberRequest, requestId = 48
22:27:51:270  INFO 7636 --- [main] trationDelegate$BeanPostProcessorChecker : Bean 'com.alibaba.cloud.seata.feign.SeataFeignClientAutoConfiguration$FeignBeanPostProcessorConfiguration' of type [com.alibaba.cloud.seata.feign.SeataFeignClientAutoConfiguration$FeignBeanPostProcessorConfiguration] is not eligible for getting processed by all BeanPostProcessors (for example: not eligible for auto-proxying)
22:27:51:272  INFO 7636 --- [main] trationDelegate$BeanPostProcessorChecker : Bean 'seataFeignObjectWrapper' of type [com.alibaba.cloud.seata.feign.SeataFeignObjectWrapper] is not eligible for getting processed by all BeanPostProcessors (for example: not eligible for auto-proxying)
22:27:51:455  INFO 7636 --- [main] o.s.b.w.embedded.tomcat.TomcatWebServer  : Tomcat initialized with port(s): 8082 (http)
22:27:51:461  INFO 7636 --- [main] o.apache.catalina.core.StandardService   : Starting service [Tomcat]
22:27:51:461  INFO 7636 --- [main] org.apache.catalina.core.StandardEngine  : Starting Servlet engine: [Apache Tomcat/9.0.75]
22:27:51:582  INFO 7636 --- [main] o.a.c.c.C.[Tomcat].[localhost].[/]       : Initializing Spring embedded WebApplicationContext
22:27:51:582  INFO 7636 --- [main] w.s.c.ServletWebServerApplicationContext : Root WebApplicationContext: initialization completed in 2418 ms
22:27:52:900  INFO 7636 --- [main] o.s.c.openfeign.FeignClientFactoryBean   : For 'item-service' URL not provided. Will try picking an instance via load-balancing.
22:27:53:151  INFO 7636 --- [main] com.zaxxer.hikari.HikariDataSource       : HikariPool-1 - Starting...
22:27:53:318  INFO 7636 --- [main] com.zaxxer.hikari.HikariDataSource       : HikariPool-1 - Start completed.
22:27:53:400  INFO 7636 --- [main] i.s.c.r.netty.NettyClientChannelManager  : will connect to 192.168.232.147:8099
22:27:53:401  INFO 7636 --- [main] i.s.c.rpc.netty.RmNettyRemotingClient    : RM will register :jdbc:mysql://192.168.232.147:3306/hm-cart
22:27:53:401  INFO 7636 --- [main] i.s.core.rpc.netty.NettyPoolableFactory  : NettyPool create channel to transactionRole:RMROLE,address:192.168.232.147:8099,msg:< RegisterRMRequest{resourceIds='jdbc:mysql://192.168.232.147:3306/hm-cart', applicationId='cart-service', transactionServiceGroup='hmall'} >
22:27:53:417  INFO 7636 --- [main] i.s.c.rpc.netty.RmNettyRemotingClient    : register RM success. client version:1.5.2, server version:1.5.2,channel:[id: 0x342475b9, L:/192.168.232.1:60126 - R:/192.168.232.147:8099]
22:27:53:417  INFO 7636 --- [main] i.s.core.rpc.netty.NettyPoolableFactory  : register success, cost 14 ms, version:1.5.2,role:RMROLE,channel:[id: 0x342475b9, L:/192.168.232.1:60126 - R:/192.168.232.147:8099]
22:27:54:064  INFO 7636 --- [main] c.a.c.sentinel.SentinelWebMvcConfigurer  : [Sentinel Starter] register SentinelWebInterceptor with urlPatterns: [/**].
22:27:54:352  INFO 7636 --- [main] pertySourcedRequestMappingHandlerMapping : Mapped URL path [/v2/api-docs] onto method [springfox.documentation.swagger2.web.Swagger2ControllerWebMvc#getDocumentation(String, HttpServletRequest)]
22:27:54:680  INFO 7636 --- [main] com.alibaba.nacos.common.remote.client   : [RpcClientFactory] create a new rpc client of b2ba0c3e-2098-4c7a-aaa0-09189998a367
22:27:54:681  INFO 7636 --- [main] com.alibaba.nacos.common.remote.client   : [b2ba0c3e-2098-4c7a-aaa0-09189998a367] RpcClient init label, labels = {module=naming, source=sdk}
22:27:54:682  INFO 7636 --- [main] com.alibaba.nacos.common.remote.client   : [b2ba0c3e-2098-4c7a-aaa0-09189998a367] RpcClient init, ServerListFactory = com.alibaba.nacos.client.naming.core.ServerListManager
22:27:54:682  INFO 7636 --- [main] com.alibaba.nacos.common.remote.client   : [b2ba0c3e-2098-4c7a-aaa0-09189998a367] Registry connection listener to current client:com.alibaba.nacos.client.naming.remote.gprc.redo.NamingGrpcRedoService
22:27:54:682  INFO 7636 --- [main] com.alibaba.nacos.common.remote.client   : [b2ba0c3e-2098-4c7a-aaa0-09189998a367] Register server push request handler:com.alibaba.nacos.client.naming.remote.gprc.NamingPushRequestHandler
22:27:54:682  INFO 7636 --- [main] com.alibaba.nacos.common.remote.client   : [b2ba0c3e-2098-4c7a-aaa0-09189998a367] Try to connect to server on start up, server: {serverIp = '192.168.232.147', server main port = 8848}
22:27:54:802  INFO 7636 --- [main] com.alibaba.nacos.common.remote.client   : [b2ba0c3e-2098-4c7a-aaa0-09189998a367] Success to connect to server [192.168.232.147:8848] on start up, connectionId = 1771424874588_192.168.232.1_60138
22:27:54:802  INFO 7636 --- [com.alibaba.nacos.client.remote.worker] com.alibaba.nacos.common.remote.client   : [b2ba0c3e-2098-4c7a-aaa0-09189998a367] Notify connected event to listeners.
22:27:54:802  INFO 7636 --- [main] com.alibaba.nacos.common.remote.client   : [b2ba0c3e-2098-4c7a-aaa0-09189998a367] Register server push request handler:com.alibaba.nacos.common.remote.client.RpcClient$ConnectResetRequestHandler
22:27:54:803  INFO 7636 --- [main] com.alibaba.nacos.common.remote.client   : [b2ba0c3e-2098-4c7a-aaa0-09189998a367] Register server push request handler:com.alibaba.nacos.common.remote.client.RpcClient$$Lambda$472/0x000000080042b440
22:27:54:840  INFO 7636 --- [main] o.s.b.w.embedded.tomcat.TomcatWebServer  : Tomcat started on port(s): 8082 (http) with context path ''
22:27:55:035  INFO 7636 --- [main] c.a.c.n.registry.NacosServiceRegistry    : nacos registry, DEFAULT_GROUP cart-service 192.168.232.1:8082 register finished
22:27:55:036  INFO 7636 --- [main] d.s.w.p.DocumentationPluginsBootstrapper : Documentation plugins bootstrapped
22:27:55:038  INFO 7636 --- [main] d.s.w.p.DocumentationPluginsBootstrapper : Found 1 custom documentation plugin(s)
22:27:55:056  INFO 7636 --- [main] s.d.s.w.s.ApiListingReferenceScanner     : Scanning for api listing references
22:27:55:119  INFO 7636 --- [main] com.hmall.cart.CartServiceApplication    : Started CartServiceApplication in 10.091 seconds (JVM running for 13.045)
22:27:55:123  INFO 7636 --- [main] c.a.c.n.refresh.NacosContextRefresher    : [Nacos Config] Listening config: dataId=cart-service, group=DEFAULT_GROUP
22:27:55:125  INFO 7636 --- [main] c.a.c.n.refresh.NacosContextRefresher    : [Nacos Config] Listening config: dataId=cart-service.yaml, group=DEFAULT_GROUP
22:27:55:125  INFO 7636 --- [main] c.a.c.n.refresh.NacosContextRefresher    : [Nacos Config] Listening config: dataId=cart-service-local.yaml, group=DEFAULT_GROUP
22:27:55:382  INFO 7636 --- [nacos-grpc-client-executor-5] com.alibaba.nacos.common.remote.client   : [b2ba0c3e-2098-4c7a-aaa0-09189998a367] Receive server push request, request = NotifySubscriberRequest, requestId = 49
22:27:55:401  INFO 7636 --- [nacos-grpc-client-executor-5] com.alibaba.nacos.common.remote.client   : [b2ba0c3e-2098-4c7a-aaa0-09189998a367] Ack server push request, request = NotifySubscriberRequest, requestId = 49
22:28:06:534  WARN 7636 --- [Thread-1] c.a.n.common.http.HttpClientBeanHolder   : [HttpClientBeanHolder] Start destroying common HttpClient
22:28:06:534  WARN 7636 --- [Thread-5] c.a.nacos.common.notify.NotifyCenter     : [NotifyCenter] Start destroying Publisher
22:28:06:535  WARN 7636 --- [Thread-5] c.a.nacos.common.notify.NotifyCenter     : [NotifyCenter] Destruction of the end
22:28:06:535  WARN 7636 --- [Thread-1] c.a.n.common.http.HttpClientBeanHolder   : [HttpClientBeanHolder] Destruction of the end
22:28:06:774  INFO 7636 --- [SpringContextShutdownHook] c.a.c.n.registry.NacosServiceRegistry    : De-registering from Nacos Server now...
22:28:06:779  INFO 7636 --- [SpringContextShutdownHook] c.a.c.n.registry.NacosServiceRegistry    : De-registration finished.
22:28:07:109  INFO 7636 --- [SpringContextShutdownHook] com.alibaba.nacos.common.remote.client   : Shutdown rpc client, set status to shutdown
22:28:07:109  INFO 7636 --- [SpringContextShutdownHook] com.alibaba.nacos.common.remote.client   : Shutdown client event executor java.util.concurrent.ScheduledThreadPoolExecutor@2ff52651[Running, pool size = 2, active threads = 2, queued tasks = 0, completed tasks = 0]
22:28:07:109  INFO 7636 --- [SpringContextShutdownHook] com.alibaba.nacos.common.remote.client   : Close current connection 1771424874588_192.168.232.1_60138
22:28:07:112  INFO 7636 --- [nacos-grpc-client-executor-10] c.a.n.c.remote.client.grpc.GrpcClient    : [1771424874588_192.168.232.1_60138]Ignore complete event,isRunning:false,isAbandon=false
22:28:07:113  INFO 7636 --- [SpringContextShutdownHook] c.a.n.c.remote.client.grpc.GrpcClient    : Shutdown grpc executor java.util.concurrent.ThreadPoolExecutor@4169a81e[Running, pool size = 4, active threads = 0, queued tasks = 0, completed tasks = 11]
22:28:07:117  INFO 7636 --- [SpringContextShutdownHook] com.zaxxer.hikari.HikariDataSource       : HikariPool-1 - Shutdown initiated...
22:28:07:133  INFO 7636 --- [SpringContextShutdownHook] com.zaxxer.hikari.HikariDataSource       : HikariPool-1 - Shutdown completed.
22:28:07:137  INFO 7636 --- [NettyClientSelector_TMROLE_1_1] i.s.c.r.n.AbstractNettyRemotingClient    : channel inactive: [id: 0xe722af89, L:/192.168.232.1:60122 ! R:/192.168.232.147:8099]
22:28:07:137  INFO 7636 --- [NettyClientSelector_TMROLE_1_1] i.s.c.r.netty.NettyClientChannelManager  : return to pool, rm channel:[id: 0xe722af89, L:/192.168.232.1:60122 ! R:/192.168.232.147:8099]
22:28:07:138  INFO 7636 --- [NettyClientSelector_RMROLE_1_1] i.s.c.r.n.AbstractNettyRemotingClient    : channel inactive: [id: 0x342475b9, L:/192.168.232.1:60126 ! R:/192.168.232.147:8099]
22:28:07:138  INFO 7636 --- [NettyClientSelector_TMROLE_1_1] i.s.core.rpc.netty.NettyPoolableFactory  : channel valid false,channel:[id: 0xe722af89, L:/192.168.232.1:60122 ! R:/192.168.232.147:8099]
22:28:07:139  INFO 7636 --- [NettyClientSelector_RMROLE_1_1] i.s.c.r.netty.NettyClientChannelManager  : return to pool, rm channel:[id: 0x342475b9, L:/192.168.232.1:60126 ! R:/192.168.232.147:8099]
22:28:07:139  INFO 7636 --- [NettyClientSelector_RMROLE_1_1] i.s.core.rpc.netty.NettyPoolableFactory  : channel valid false,channel:[id: 0x342475b9, L:/192.168.232.1:60126 ! R:/192.168.232.147:8099]
22:28:07:140  INFO 7636 --- [NettyClientSelector_TMROLE_1_1] i.s.core.rpc.netty.NettyPoolableFactory  : will destroy channel:[id: 0xe722af89, L:/192.168.232.1:60122 ! R:/192.168.232.147:8099]
22:28:07:140  INFO 7636 --- [NettyClientSelector_TMROLE_1_1] i.s.c.r.n.AbstractNettyRemotingClient    : ChannelHandlerContext(AbstractNettyRemotingClient$ClientHandler#0, [id: 0xe722af89, L:/192.168.232.1:60122 ! R:/192.168.232.147:8099]) will closed
22:28:07:140  INFO 7636 --- [NettyClientSelector_RMROLE_1_1] i.s.core.rpc.netty.NettyPoolableFactory  : will destroy channel:[id: 0x342475b9, L:/192.168.232.1:60126 ! R:/192.168.232.147:8099]
22:28:07:140  INFO 7636 --- [NettyClientSelector_TMROLE_1_1] i.s.c.r.n.AbstractNettyRemotingClient    : ChannelHandlerContext(AbstractNettyRemotingClient$ClientHandler#0, [id: 0xe722af89, L:/192.168.232.1:60122 ! R:/192.168.232.147:8099]) will closed
22:28:07:140  INFO 7636 --- [NettyClientSelector_RMROLE_1_1] i.s.c.r.n.AbstractNettyRemotingClient    : ChannelHandlerContext(AbstractNettyRemotingClient$ClientHandler#0, [id: 0x342475b9, L:/192.168.232.1:60126 ! R:/192.168.232.147:8099]) will closed
22:28:07:140  INFO 7636 --- [NettyClientSelector_RMROLE_1_1] i.s.c.r.n.AbstractNettyRemotingClient    : ChannelHandlerContext(AbstractNettyRemotingClient$ClientHandler#0, [id: 0x342475b9, L:/192.168.232.1:60126 ! R:/192.168.232.147:8099]) will closed
