22:20:56:174  INFO 7124 --- [main] com.hmall.gateway.GatewayApplication     : The following 1 profile is active: "dev"
22:20:56:647  INFO 7124 --- [main] o.s.cloud.context.scope.GenericScope     : BeanFactory id=f7a1f3fc-8b6f-3294-a68d-9a6f31dd329d
22:20:56:680  INFO 7124 --- [main] trationDelegate$BeanPostProcessorChecker : Bean 'org.springframework.cloud.client.loadbalancer.reactive.LoadBalancerBeanPostProcessorAutoConfiguration' of type [org.springframework.cloud.client.loadbalancer.reactive.LoadBalancerBeanPostProcessorAutoConfiguration] is not eligible for getting processed by all BeanPostProcessors (for example: not eligible for auto-proxying)
22:20:56:681  INFO 7124 --- [main] trationDelegate$BeanPostProcessorChecker : Bean 'org.springframework.cloud.client.loadbalancer.reactive.LoadBalancerBeanPostProcessorAutoConfiguration$ReactorDeferringLoadBalancerFilterConfig' of type [org.springframework.cloud.client.loadbalancer.reactive.LoadBalancerBeanPostProcessorAutoConfiguration$ReactorDeferringLoadBalancerFilterConfig] is not eligible for getting processed by all BeanPostProcessors (for example: not eligible for auto-proxying)
22:20:56:682  INFO 7124 --- [main] trationDelegate$BeanPostProcessorChecker : Bean 'reactorDeferringLoadBalancerExchangeFilterFunction' of type [org.springframework.cloud.client.loadbalancer.reactive.DeferringLoadBalancerExchangeFilterFunction] is not eligible for getting processed by all BeanPostProcessors (for example: not eligible for auto-proxying)
22:20:57:186 DEBUG 7124 --- [main] c.h.gateway.routers.DynamicRouteLoader   : 监听到路由配置信息[
    {
        "id": "item",
        "predicates": [{
            "name": "Path",
            "args": {"_genkey_0":"/items/**", "_genkey_1":"/search/**"}
        }],
        "filters": [],
        "uri": "lb://item-service"
    },
    {
        "id": "cart",
        "predicates": [{
            "name": "Path",
            "args": {"_genkey_0":"/carts/**"}
        }],
        "filters": [],
        "uri": "lb://cart-service"
    },
    {
        "id": "user",
        "predicates": [{
            "name": "Path",
            "args": {"_genkey_0":"/users/**", "_genkey_1":"/addresses/**"}
        }],
        "filters": [],
        "uri": "lb://user-service"
    },
    {
        "id": "trade",
        "predicates": [{
            "name": "Path",
            "args": {"_genkey_0":"/orders/**"}
        }],
        "filters": [],
        "uri": "lb://trade-service"
    },
    {
        "id": "pay",
        "predicates": [{
            "name": "Path",
            "args": {"_genkey_0":"/pay-orders/**"}
        }],
        "filters": [],
        "uri": "lb://pay-service"
    }
]
22:20:58:492  INFO 7124 --- [main] o.s.cloud.commons.util.InetUtils         : Cannot determine local hostname
22:20:59:648  INFO 7124 --- [main] o.s.c.g.r.RouteDefinitionRouteLocator    : Loaded RoutePredicateFactory [After]
22:20:59:648  INFO 7124 --- [main] o.s.c.g.r.RouteDefinitionRouteLocator    : Loaded RoutePredicateFactory [Before]
22:20:59:648  INFO 7124 --- [main] o.s.c.g.r.RouteDefinitionRouteLocator    : Loaded RoutePredicateFactory [Between]
22:20:59:648  INFO 7124 --- [main] o.s.c.g.r.RouteDefinitionRouteLocator    : Loaded RoutePredicateFactory [Cookie]
22:20:59:648  INFO 7124 --- [main] o.s.c.g.r.RouteDefinitionRouteLocator    : Loaded RoutePredicateFactory [Header]
22:20:59:648  INFO 7124 --- [main] o.s.c.g.r.RouteDefinitionRouteLocator    : Loaded RoutePredicateFactory [Host]
22:20:59:648  INFO 7124 --- [main] o.s.c.g.r.RouteDefinitionRouteLocator    : Loaded RoutePredicateFactory [Method]
22:20:59:648  INFO 7124 --- [main] o.s.c.g.r.RouteDefinitionRouteLocator    : Loaded RoutePredicateFactory [Path]
22:20:59:648  INFO 7124 --- [main] o.s.c.g.r.RouteDefinitionRouteLocator    : Loaded RoutePredicateFactory [Query]
22:20:59:648  INFO 7124 --- [main] o.s.c.g.r.RouteDefinitionRouteLocator    : Loaded RoutePredicateFactory [ReadBody]
22:20:59:648  INFO 7124 --- [main] o.s.c.g.r.RouteDefinitionRouteLocator    : Loaded RoutePredicateFactory [RemoteAddr]
22:20:59:648  INFO 7124 --- [main] o.s.c.g.r.RouteDefinitionRouteLocator    : Loaded RoutePredicateFactory [XForwardedRemoteAddr]
22:20:59:648  INFO 7124 --- [main] o.s.c.g.r.RouteDefinitionRouteLocator    : Loaded RoutePredicateFactory [Weight]
22:20:59:648  INFO 7124 --- [main] o.s.c.g.r.RouteDefinitionRouteLocator    : Loaded RoutePredicateFactory [CloudFoundryRouteService]
22:21:00:070  INFO 7124 --- [main] com.alibaba.nacos.common.remote.client   : [RpcClientFactory] create a new rpc client of 4ca481fb-917e-49fe-9356-e72088271a57
22:21:00:070  INFO 7124 --- [main] com.alibaba.nacos.common.remote.client   : [4ca481fb-917e-49fe-9356-e72088271a57] RpcClient init label, labels = {module=naming, source=sdk}
22:21:00:072  INFO 7124 --- [main] com.alibaba.nacos.common.remote.client   : [4ca481fb-917e-49fe-9356-e72088271a57] RpcClient init, ServerListFactory = com.alibaba.nacos.client.naming.core.ServerListManager
22:21:00:072  INFO 7124 --- [main] com.alibaba.nacos.common.remote.client   : [4ca481fb-917e-49fe-9356-e72088271a57] Registry connection listener to current client:com.alibaba.nacos.client.naming.remote.gprc.redo.NamingGrpcRedoService
22:21:00:072  INFO 7124 --- [main] com.alibaba.nacos.common.remote.client   : [4ca481fb-917e-49fe-9356-e72088271a57] Register server push request handler:com.alibaba.nacos.client.naming.remote.gprc.NamingPushRequestHandler
22:21:00:072  INFO 7124 --- [main] com.alibaba.nacos.common.remote.client   : [4ca481fb-917e-49fe-9356-e72088271a57] Try to connect to server on start up, server: {serverIp = '192.168.232.147', server main port = 8848}
22:21:00:193  INFO 7124 --- [main] com.alibaba.nacos.common.remote.client   : [4ca481fb-917e-49fe-9356-e72088271a57] Success to connect to server [192.168.232.147:8848] on start up, connectionId = 1771424459985_192.168.232.1_54792
22:21:00:193  INFO 7124 --- [com.alibaba.nacos.client.remote.worker] com.alibaba.nacos.common.remote.client   : [4ca481fb-917e-49fe-9356-e72088271a57] Notify connected event to listeners.
22:21:00:193  INFO 7124 --- [main] com.alibaba.nacos.common.remote.client   : [4ca481fb-917e-49fe-9356-e72088271a57] Register server push request handler:com.alibaba.nacos.common.remote.client.RpcClient$ConnectResetRequestHandler
22:21:00:194  INFO 7124 --- [main] com.alibaba.nacos.common.remote.client   : [4ca481fb-917e-49fe-9356-e72088271a57] Register server push request handler:com.alibaba.nacos.common.remote.client.RpcClient$$Lambda$465/0x000000080043d840
22:21:00:437  INFO 7124 --- [main] o.s.b.web.embedded.netty.NettyWebServer  : Netty started on port 8080
22:21:00:724  INFO 7124 --- [nacos-grpc-client-executor-4] com.alibaba.nacos.common.remote.client   : [4ca481fb-917e-49fe-9356-e72088271a57] Receive server push request, request = NotifySubscriberRequest, requestId = 40
22:21:00:744  INFO 7124 --- [nacos-grpc-client-executor-4] com.alibaba.nacos.common.remote.client   : [4ca481fb-917e-49fe-9356-e72088271a57] Ack server push request, request = NotifySubscriberRequest, requestId = 40
22:21:00:802  INFO 7124 --- [main] c.a.c.n.registry.NacosServiceRegistry    : nacos registry, DEFAULT_GROUP gateway-service 192.168.232.1:8080 register finished
22:21:00:815  INFO 7124 --- [main] com.hmall.gateway.GatewayApplication     : Started GatewayApplication in 8.963 seconds (JVM running for 9.836)
22:21:00:818  INFO 7124 --- [main] c.a.c.n.refresh.NacosContextRefresher    : [Nacos Config] Listening config: dataId=gateway-service-dev.yaml, group=DEFAULT_GROUP
22:21:00:819  INFO 7124 --- [main] c.a.c.n.refresh.NacosContextRefresher    : [Nacos Config] Listening config: dataId=gateway-service, group=DEFAULT_GROUP
22:21:00:819  INFO 7124 --- [main] c.a.c.n.refresh.NacosContextRefresher    : [Nacos Config] Listening config: dataId=gateway-service.yaml, group=DEFAULT_GROUP
22:21:01:316  INFO 7124 --- [nacos-grpc-client-executor-7] com.alibaba.nacos.common.remote.client   : [4ca481fb-917e-49fe-9356-e72088271a57] Receive server push request, request = NotifySubscriberRequest, requestId = 41
22:21:01:334  INFO 7124 --- [nacos-grpc-client-executor-7] com.alibaba.nacos.common.remote.client   : [4ca481fb-917e-49fe-9356-e72088271a57] Ack server push request, request = NotifySubscriberRequest, requestId = 41
22:28:06:459  WARN 7124 --- [Thread-5] c.a.nacos.common.notify.NotifyCenter     : [NotifyCenter] Start destroying Publisher
22:28:06:459  WARN 7124 --- [Thread-1] c.a.n.common.http.HttpClientBeanHolder   : [HttpClientBeanHolder] Start destroying common HttpClient
22:28:06:459  WARN 7124 --- [Thread-5] c.a.nacos.common.notify.NotifyCenter     : [NotifyCenter] Destruction of the end
22:28:06:460  WARN 7124 --- [Thread-1] c.a.n.common.http.HttpClientBeanHolder   : [HttpClientBeanHolder] Destruction of the end
22:28:06:487  INFO 7124 --- [SpringApplicationShutdownHook] c.a.c.n.registry.NacosServiceRegistry    : De-registering from Nacos Server now...
22:28:06:490  INFO 7124 --- [SpringApplicationShutdownHook] c.a.c.n.registry.NacosServiceRegistry    : De-registration finished.
22:28:06:816  INFO 7124 --- [SpringApplicationShutdownHook] com.alibaba.nacos.common.remote.client   : Shutdown rpc client, set status to shutdown
22:28:06:816  INFO 7124 --- [SpringApplicationShutdownHook] com.alibaba.nacos.common.remote.client   : Shutdown client event executor java.util.concurrent.ScheduledThreadPoolExecutor@316f2104[Running, pool size = 2, active threads = 2, queued tasks = 0, completed tasks = 0]
22:28:06:816  INFO 7124 --- [SpringApplicationShutdownHook] com.alibaba.nacos.common.remote.client   : Close current connection 1771424459985_192.168.232.1_54792
22:28:06:818  INFO 7124 --- [nacos-grpc-client-executor-101] c.a.n.c.remote.client.grpc.GrpcClient    : [1771424459985_192.168.232.1_54792]Ignore complete event,isRunning:false,isAbandon=false
22:28:06:820  INFO 7124 --- [SpringApplicationShutdownHook] c.a.n.c.remote.client.grpc.GrpcClient    : Shutdown grpc executor java.util.concurrent.ThreadPoolExecutor@587a14cf[Running, pool size = 6, active threads = 0, queued tasks = 0, completed tasks = 102]
