21:58:06:492  INFO 20080 --- [main] com.hmall.user.UserServiceApplication    : Starting UserServiceApplication using Java 11.0.22 on LAPTOP-RB28JJK4 with PID 20080 (D:\elcipes\eclipse-workspace\hmall\user-service\target\classes started by task in D:\elcipes\eclipse-workspace\hmall)
21:58:06:494 DEBUG 20080 --- [main] com.hmall.user.UserServiceApplication    : Running with Spring Boot v2.7.12, Spring v5.3.27
21:58:06:494  INFO 20080 --- [main] com.hmall.user.UserServiceApplication    : The following 1 profile is active: "local"
21:58:07:271  INFO 20080 --- [main] .s.d.r.c.RepositoryConfigurationDelegate : Multiple Spring Data modules found, entering strict repository configuration mode
21:58:07:273  INFO 20080 --- [main] .s.d.r.c.RepositoryConfigurationDelegate : Bootstrapping Spring Data Redis repositories in DEFAULT mode.
21:58:07:291  INFO 20080 --- [main] .s.d.r.c.RepositoryConfigurationDelegate : Finished Spring Data repository scanning in 7 ms. Found 0 Redis repository interfaces.
21:58:07:421  INFO 20080 --- [main] o.s.cloud.context.scope.GenericScope     : BeanFactory id=d24117c4-609c-31cb-baf1-7b2da309f46a
21:58:07:667  INFO 20080 --- [main] o.s.b.w.embedded.tomcat.TomcatWebServer  : Tomcat initialized with port(s): 8084 (http)
21:58:07:674  INFO 20080 --- [main] o.apache.catalina.core.StandardService   : Starting service [Tomcat]
21:58:07:674  INFO 20080 --- [main] org.apache.catalina.core.StandardEngine  : Starting Servlet engine: [Apache Tomcat/9.0.75]
21:58:07:782  INFO 20080 --- [main] o.a.c.c.C.[Tomcat].[localhost].[/]       : Initializing Spring embedded WebApplicationContext
21:58:07:782  INFO 20080 --- [main] w.s.c.ServletWebServerApplicationContext : Root WebApplicationContext: initialization completed in 1256 ms
21:58:10:251  INFO 20080 --- [main] o.s.cloud.commons.util.InetUtils         : Cannot determine local hostname
21:58:10:279  INFO 20080 --- [main] pertySourcedRequestMappingHandlerMapping : Mapped URL path [/v2/api-docs] onto method [springfox.documentation.swagger2.web.Swagger2ControllerWebMvc#getDocumentation(String, HttpServletRequest)]
21:58:11:692  INFO 20080 --- [main] o.s.cloud.commons.util.InetUtils         : Cannot determine local hostname
21:58:11:812  INFO 20080 --- [main] com.alibaba.nacos.common.remote.client   : [RpcClientFactory] create a new rpc client of d64bd198-bf29-45f4-923e-856a3e3b21e3
21:58:11:847  INFO 20080 --- [main] org.reflections.Reflections              : Reflections took 20 ms to scan 1 urls, producing 3 keys and 6 values 
21:58:11:865  INFO 20080 --- [main] org.reflections.Reflections              : Reflections took 7 ms to scan 1 urls, producing 4 keys and 9 values 
21:58:11:874  INFO 20080 --- [main] org.reflections.Reflections              : Reflections took 6 ms to scan 1 urls, producing 3 keys and 10 values 
21:58:11:876  WARN 20080 --- [main] org.reflections.Reflections              : given scan urls are empty. set urls in the configuration
21:58:11:880  INFO 20080 --- [main] org.reflections.Reflections              : Reflections took 4 ms to scan 1 urls, producing 1 keys and 5 values 
21:58:11:889  INFO 20080 --- [main] org.reflections.Reflections              : Reflections took 6 ms to scan 1 urls, producing 1 keys and 7 values 
21:58:11:895  INFO 20080 --- [main] org.reflections.Reflections              : Reflections took 5 ms to scan 1 urls, producing 2 keys and 8 values 
21:58:11:897  WARN 20080 --- [main] org.reflections.Reflections              : given scan urls are empty. set urls in the configuration
21:58:11:898  INFO 20080 --- [main] com.alibaba.nacos.common.remote.client   : [d64bd198-bf29-45f4-923e-856a3e3b21e3] RpcClient init label, labels = {module=naming, source=sdk}
21:58:11:900  INFO 20080 --- [main] com.alibaba.nacos.common.remote.client   : [d64bd198-bf29-45f4-923e-856a3e3b21e3] RpcClient init, ServerListFactory = com.alibaba.nacos.client.naming.core.ServerListManager
21:58:11:900  INFO 20080 --- [main] com.alibaba.nacos.common.remote.client   : [d64bd198-bf29-45f4-923e-856a3e3b21e3] Registry connection listener to current client:com.alibaba.nacos.client.naming.remote.gprc.redo.NamingGrpcRedoService
21:58:11:900  INFO 20080 --- [main] com.alibaba.nacos.common.remote.client   : [d64bd198-bf29-45f4-923e-856a3e3b21e3] Register server push request handler:com.alibaba.nacos.client.naming.remote.gprc.NamingPushRequestHandler
21:58:11:902  INFO 20080 --- [main] com.alibaba.nacos.common.remote.client   : [d64bd198-bf29-45f4-923e-856a3e3b21e3] Try to connect to server on start up, server: {serverIp = '192.168.232.147', server main port = 8848}
21:58:12:857  INFO 20080 --- [main] com.alibaba.nacos.common.remote.client   : [d64bd198-bf29-45f4-923e-856a3e3b21e3] Success to connect to server [192.168.232.147:8848] on start up, connectionId = 1771423092626_192.168.232.1_60287
21:58:12:860  INFO 20080 --- [com.alibaba.nacos.client.remote.worker] com.alibaba.nacos.common.remote.client   : [d64bd198-bf29-45f4-923e-856a3e3b21e3] Notify connected event to listeners.
21:58:12:861  INFO 20080 --- [main] com.alibaba.nacos.common.remote.client   : [d64bd198-bf29-45f4-923e-856a3e3b21e3] Register server push request handler:com.alibaba.nacos.common.remote.client.RpcClient$ConnectResetRequestHandler
21:58:12:863  INFO 20080 --- [main] com.alibaba.nacos.common.remote.client   : [d64bd198-bf29-45f4-923e-856a3e3b21e3] Register server push request handler:com.alibaba.nacos.common.remote.client.RpcClient$$Lambda$1082/0x00000008007b2040
21:58:12:958  INFO 20080 --- [main] o.s.b.w.embedded.tomcat.TomcatWebServer  : Tomcat started on port(s): 8084 (http) with context path ''
21:58:12:965  INFO 20080 --- [main] c.a.c.n.registry.NacosServiceRegistry    : nacos registry, DEFAULT_GROUP user-service 192.168.232.1:8084 register finished
21:58:13:153  INFO 20080 --- [main] d.s.w.p.DocumentationPluginsBootstrapper : Documentation plugins bootstrapped
21:58:13:156  INFO 20080 --- [main] d.s.w.p.DocumentationPluginsBootstrapper : Found 1 custom documentation plugin(s)
21:58:13:174  INFO 20080 --- [main] s.d.s.w.s.ApiListingReferenceScanner     : Scanning for api listing references
21:58:13:239  INFO 20080 --- [main] com.hmall.user.UserServiceApplication    : Started UserServiceApplication in 8.334 seconds (JVM running for 9.017)
21:58:13:409  INFO 20080 --- [nacos-grpc-client-executor-7] com.alibaba.nacos.common.remote.client   : [d64bd198-bf29-45f4-923e-856a3e3b21e3] Receive server push request, request = NotifySubscriberRequest, requestId = 26
21:58:13:427  INFO 20080 --- [nacos-grpc-client-executor-7] com.alibaba.nacos.common.remote.client   : [d64bd198-bf29-45f4-923e-856a3e3b21e3] Ack server push request, request = NotifySubscriberRequest, requestId = 26
22:02:29:641  WARN 20080 --- [Thread-4] c.a.nacos.common.notify.NotifyCenter     : [NotifyCenter] Start destroying Publisher
22:02:29:641  WARN 20080 --- [Thread-7] c.a.n.common.http.HttpClientBeanHolder   : [HttpClientBeanHolder] Start destroying common HttpClient
22:02:29:641  WARN 20080 --- [Thread-4] c.a.nacos.common.notify.NotifyCenter     : [NotifyCenter] Destruction of the end
22:02:29:642  WARN 20080 --- [Thread-7] c.a.n.common.http.HttpClientBeanHolder   : [HttpClientBeanHolder] Destruction of the end
22:02:29:795  INFO 20080 --- [SpringApplicationShutdownHook] c.a.c.n.registry.NacosServiceRegistry    : De-registering from Nacos Server now...
22:02:29:799  INFO 20080 --- [SpringApplicationShutdownHook] c.a.c.n.registry.NacosServiceRegistry    : De-registration finished.
22:02:30:135  INFO 20080 --- [SpringApplicationShutdownHook] com.alibaba.nacos.common.remote.client   : Shutdown rpc client, set status to shutdown
22:02:30:135  INFO 20080 --- [SpringApplicationShutdownHook] com.alibaba.nacos.common.remote.client   : Shutdown client event executor java.util.concurrent.ScheduledThreadPoolExecutor@33d7e3c6[Running, pool size = 2, active threads = 2, queued tasks = 0, completed tasks = 0]
22:02:30:135  INFO 20080 --- [SpringApplicationShutdownHook] com.alibaba.nacos.common.remote.client   : Close current connection 1771423092626_192.168.232.1_60287
22:02:30:138  INFO 20080 --- [nacos-grpc-client-executor-67] c.a.n.c.remote.client.grpc.GrpcClient    : [1771423092626_192.168.232.1_60287]Ignore complete event,isRunning:false,isAbandon=false
22:02:30:144  INFO 20080 --- [SpringApplicationShutdownHook] c.a.n.c.remote.client.grpc.GrpcClient    : Shutdown grpc executor java.util.concurrent.ThreadPoolExecutor@45641da2[Running, pool size = 5, active threads = 0, queued tasks = 0, completed tasks = 68]
22:21:00:234  INFO 20804 --- [main] com.hmall.user.UserServiceApplication    : Starting UserServiceApplication using Java 11.0.22 on LAPTOP-RB28JJK4 with PID 20804 (D:\elcipes\eclipse-workspace\hmall\user-service\target\classes started by task in D:\elcipes\eclipse-workspace\hmall)
22:21:00:235 DEBUG 20804 --- [main] com.hmall.user.UserServiceApplication    : Running with Spring Boot v2.7.12, Spring v5.3.27
22:21:00:235  INFO 20804 --- [main] com.hmall.user.UserServiceApplication    : The following 1 profile is active: "local"
22:21:00:847  INFO 20804 --- [main] .s.d.r.c.RepositoryConfigurationDelegate : Multiple Spring Data modules found, entering strict repository configuration mode
22:21:00:848  INFO 20804 --- [main] .s.d.r.c.RepositoryConfigurationDelegate : Bootstrapping Spring Data Redis repositories in DEFAULT mode.
22:21:00:865  INFO 20804 --- [main] .s.d.r.c.RepositoryConfigurationDelegate : Finished Spring Data repository scanning in 7 ms. Found 0 Redis repository interfaces.
22:21:00:997  INFO 20804 --- [main] o.s.cloud.context.scope.GenericScope     : BeanFactory id=d24117c4-609c-31cb-baf1-7b2da309f46a
22:21:01:284  INFO 20804 --- [main] o.s.b.w.embedded.tomcat.TomcatWebServer  : Tomcat initialized with port(s): 8084 (http)
22:21:01:294  INFO 20804 --- [main] o.apache.catalina.core.StandardService   : Starting service [Tomcat]
22:21:01:294  INFO 20804 --- [main] org.apache.catalina.core.StandardEngine  : Starting Servlet engine: [Apache Tomcat/9.0.75]
22:21:01:405  INFO 20804 --- [main] o.a.c.c.C.[Tomcat].[localhost].[/]       : Initializing Spring embedded WebApplicationContext
22:21:01:405  INFO 20804 --- [main] w.s.c.ServletWebServerApplicationContext : Root WebApplicationContext: initialization completed in 1137 ms
22:21:03:821  INFO 20804 --- [main] o.s.cloud.commons.util.InetUtils         : Cannot determine local hostname
22:21:03:847  INFO 20804 --- [main] pertySourcedRequestMappingHandlerMapping : Mapped URL path [/v2/api-docs] onto method [springfox.documentation.swagger2.web.Swagger2ControllerWebMvc#getDocumentation(String, HttpServletRequest)]
22:21:05:288  INFO 20804 --- [main] o.s.cloud.commons.util.InetUtils         : Cannot determine local hostname
22:21:05:404  INFO 20804 --- [main] com.alibaba.nacos.common.remote.client   : [RpcClientFactory] create a new rpc client of 47e92f11-ef4c-4efe-b642-1ed8b61db76e
22:21:05:433  INFO 20804 --- [main] org.reflections.Reflections              : Reflections took 14 ms to scan 1 urls, producing 3 keys and 6 values 
22:21:05:450  INFO 20804 --- [main] org.reflections.Reflections              : Reflections took 6 ms to scan 1 urls, producing 4 keys and 9 values 
22:21:05:456  INFO 20804 --- [main] org.reflections.Reflections              : Reflections took 4 ms to scan 1 urls, producing 3 keys and 10 values 
22:21:05:458  WARN 20804 --- [main] org.reflections.Reflections              : given scan urls are empty. set urls in the configuration
22:21:05:462  INFO 20804 --- [main] org.reflections.Reflections              : Reflections took 4 ms to scan 1 urls, producing 1 keys and 5 values 
22:21:05:468  INFO 20804 --- [main] org.reflections.Reflections              : Reflections took 4 ms to scan 1 urls, producing 1 keys and 7 values 
22:21:05:475  INFO 20804 --- [main] org.reflections.Reflections              : Reflections took 4 ms to scan 1 urls, producing 2 keys and 8 values 
22:21:05:477  WARN 20804 --- [main] org.reflections.Reflections              : given scan urls are empty. set urls in the configuration
22:21:05:478  INFO 20804 --- [main] com.alibaba.nacos.common.remote.client   : [47e92f11-ef4c-4efe-b642-1ed8b61db76e] RpcClient init label, labels = {module=naming, source=sdk}
22:21:05:481  INFO 20804 --- [main] com.alibaba.nacos.common.remote.client   : [47e92f11-ef4c-4efe-b642-1ed8b61db76e] RpcClient init, ServerListFactory = com.alibaba.nacos.client.naming.core.ServerListManager
22:21:05:481  INFO 20804 --- [main] com.alibaba.nacos.common.remote.client   : [47e92f11-ef4c-4efe-b642-1ed8b61db76e] Registry connection listener to current client:com.alibaba.nacos.client.naming.remote.gprc.redo.NamingGrpcRedoService
22:21:05:482  INFO 20804 --- [main] com.alibaba.nacos.common.remote.client   : [47e92f11-ef4c-4efe-b642-1ed8b61db76e] Register server push request handler:com.alibaba.nacos.client.naming.remote.gprc.NamingPushRequestHandler
22:21:05:483  INFO 20804 --- [main] com.alibaba.nacos.common.remote.client   : [47e92f11-ef4c-4efe-b642-1ed8b61db76e] Try to connect to server on start up, server: {serverIp = '192.168.232.147', server main port = 8848}
22:21:06:375  INFO 20804 --- [main] com.alibaba.nacos.common.remote.client   : [47e92f11-ef4c-4efe-b642-1ed8b61db76e] Success to connect to server [192.168.232.147:8848] on start up, connectionId = 1771424466109_192.168.232.1_61400
22:21:06:376  INFO 20804 --- [com.alibaba.nacos.client.remote.worker] com.alibaba.nacos.common.remote.client   : [47e92f11-ef4c-4efe-b642-1ed8b61db76e] Notify connected event to listeners.
22:21:06:377  INFO 20804 --- [main] com.alibaba.nacos.common.remote.client   : [47e92f11-ef4c-4efe-b642-1ed8b61db76e] Register server push request handler:com.alibaba.nacos.common.remote.client.RpcClient$ConnectResetRequestHandler
22:21:06:378  INFO 20804 --- [main] com.alibaba.nacos.common.remote.client   : [47e92f11-ef4c-4efe-b642-1ed8b61db76e] Register server push request handler:com.alibaba.nacos.common.remote.client.RpcClient$$Lambda$1082/0x00000008007b2040
22:21:06:461  INFO 20804 --- [main] o.s.b.w.embedded.tomcat.TomcatWebServer  : Tomcat started on port(s): 8084 (http) with context path ''
22:21:06:469  INFO 20804 --- [main] c.a.c.n.registry.NacosServiceRegistry    : nacos registry, DEFAULT_GROUP user-service 192.168.232.1:8084 register finished
22:21:06:638  INFO 20804 --- [main] d.s.w.p.DocumentationPluginsBootstrapper : Documentation plugins bootstrapped
22:21:06:640  INFO 20804 --- [main] d.s.w.p.DocumentationPluginsBootstrapper : Found 1 custom documentation plugin(s)
22:21:06:656  INFO 20804 --- [main] s.d.s.w.s.ApiListingReferenceScanner     : Scanning for api listing references
22:21:06:719  INFO 20804 --- [main] com.hmall.user.UserServiceApplication    : Started UserServiceApplication in 8.057 seconds (JVM running for 8.714)
22:21:06:952  INFO 20804 --- [nacos-grpc-client-executor-9] com.alibaba.nacos.common.remote.client   : [47e92f11-ef4c-4efe-b642-1ed8b61db76e] Receive server push request, request = NotifySubscriberRequest, requestId = 42
22:21:06:963  INFO 20804 --- [nacos-grpc-client-executor-9] com.alibaba.nacos.common.remote.client   : [47e92f11-ef4c-4efe-b642-1ed8b61db76e] Ack server push request, request = NotifySubscriberRequest, requestId = 42
22:28:06:484  WARN 20804 --- [Thread-7] c.a.n.common.http.HttpClientBeanHolder   : [HttpClientBeanHolder] Start destroying common HttpClient
22:28:06:484  WARN 20804 --- [Thread-4] c.a.nacos.common.notify.NotifyCenter     : [NotifyCenter] Start destroying Publisher
22:28:06:484  WARN 20804 --- [Thread-4] c.a.nacos.common.notify.NotifyCenter     : [NotifyCenter] Destruction of the end
22:28:06:485  WARN 20804 --- [Thread-7] c.a.n.common.http.HttpClientBeanHolder   : [HttpClientBeanHolder] Destruction of the end
22:28:06:715  INFO 20804 --- [SpringApplicationShutdownHook] c.a.c.n.registry.NacosServiceRegistry    : De-registering from Nacos Server now...
22:28:06:719  INFO 20804 --- [SpringApplicationShutdownHook] c.a.c.n.registry.NacosServiceRegistry    : De-registration finished.
22:28:07:053  INFO 20804 --- [SpringApplicationShutdownHook] com.alibaba.nacos.common.remote.client   : Shutdown rpc client, set status to shutdown
22:28:07:053  INFO 20804 --- [SpringApplicationShutdownHook] com.alibaba.nacos.common.remote.client   : Shutdown client event executor java.util.concurrent.ScheduledThreadPoolExecutor@22eb9a9c[Running, pool size = 2, active threads = 2, queued tasks = 0, completed tasks = 0]
22:28:07:054  INFO 20804 --- [SpringApplicationShutdownHook] com.alibaba.nacos.common.remote.client   : Close current connection 1771424466109_192.168.232.1_61400
22:28:07:058  INFO 20804 --- [nacos-grpc-client-executor-102] c.a.n.c.remote.client.grpc.GrpcClient    : [1771424466109_192.168.232.1_61400]Ignore complete event,isRunning:false,isAbandon=false
22:28:07:059  INFO 20804 --- [SpringApplicationShutdownHook] c.a.n.c.remote.client.grpc.GrpcClient    : Shutdown grpc executor java.util.concurrent.ThreadPoolExecutor@1c923e9a[Running, pool size = 4, active threads = 0, queued tasks = 0, completed tasks = 103]
